<?xml version="1.0" encoding="UTF-8"?>
<coverage generated="1772278084245" clover="3.2.0">
  <project timestamp="1772278084246" name="All files">
    <metrics statements="51" coveredstatements="13" conditionals="68" coveredconditionals="11" methods="29" coveredmethods="7" elements="148" coveredelements="31" complexity="0" loc="51" ncloc="51" packages="1" files="1" classes="1"/>
    <file name="api.ts" path="/Users/rodrigoborgia/RB/frontend/src/lib/api.ts">
      <metrics statements="51" coveredstatements="13" conditionals="68" coveredconditionals="11" methods="29" coveredmethods="7"/>
      <line num="22" count="8" type="cond" truecount="2" falsecount="0"/>
      <line num="23" count="8" type="stmt"/>
      <line num="25" count="8" type="stmt"/>
      <line num="27" count="8" type="stmt"/>
      <line num="28" count="0" type="stmt"/>
      <line num="29" count="0" type="cond" truecount="0" falsecount="2"/>
      <line num="30" count="0" type="stmt"/>
      <line num="32" count="0" type="stmt"/>
      <line num="36" count="8" type="stmt"/>
      <line num="37" count="0" type="stmt"/>
      <line num="41" count="6" type="stmt"/>
      <line num="50" count="0" type="cond" truecount="0" falsecount="2"/>
      <line num="52" count="0" type="stmt"/>
      <line num="53" count="0" type="stmt"/>
      <line num="55" count="0" type="cond" truecount="0" falsecount="6"/>
      <line num="57" count="0" type="cond" truecount="0" falsecount="10"/>
      <line num="60" count="0" type="stmt"/>
      <line num="61" count="0" type="stmt"/>
      <line num="63" count="0" type="cond" truecount="0" falsecount="6"/>
      <line num="67" count="8" type="stmt"/>
      <line num="69" count="0" type="stmt"/>
      <line num="74" count="0" type="stmt"/>
      <line num="78" count="0" type="stmt"/>
      <line num="79" count="0" type="stmt"/>
      <line num="81" count="1" type="stmt"/>
      <line num="85" count="0" type="stmt"/>
      <line num="87" count="1" type="stmt"/>
      <line num="92" count="0" type="stmt"/>
      <line num="97" count="0" type="stmt"/>
      <line num="99" count="0" type="stmt"/>
      <line num="102" count="0" type="stmt"/>
      <line num="103" count="0" type="stmt"/>
      <line num="104" count="0" type="stmt"/>
      <line num="106" count="1" type="stmt"/>
      <line num="111" count="0" type="stmt"/>
      <line num="116" count="0" type="stmt"/>
      <line num="120" count="1" type="stmt"/>
      <line num="125" count="0" type="stmt"/>
      <line num="129" count="1" type="stmt"/>
      <line num="133" count="1" type="stmt"/>
      <line num="138" count="0" type="stmt"/>
      <line num="142" count="0" type="stmt"/>
      <line num="144" count="0" type="stmt"/>
      <line num="148" count="0" type="stmt"/>
      <line num="153" count="0" type="stmt"/>
      <line num="154" count="0" type="cond" truecount="0" falsecount="6"/>
      <line num="155" count="0" type="cond" truecount="0" falsecount="6"/>
      <line num="156" count="0" type="cond" truecount="0" falsecount="6"/>
      <line num="157" count="0" type="cond" truecount="0" falsecount="2"/>
      <line num="158" count="0" type="stmt"/>
      <line num="160" count="0" type="stmt"/>
    </file>
  </project>
</coverage>
