<?xml version="1.0" encoding="UTF-8"?>
<coverage generated="1772976168583" clover="3.2.0">
  <project timestamp="1772976168583" name="All files">
    <metrics statements="64" coveredstatements="28" conditionals="38" coveredconditionals="11" methods="34" coveredmethods="17" elements="136" coveredelements="56" complexity="0" loc="64" ncloc="64" packages="1" files="1" classes="1"/>
    <file name="api.ts" path="/Users/rodrigoborgia/RB/frontend/src/lib/api.ts">
      <metrics statements="64" coveredstatements="28" conditionals="38" coveredconditionals="11" methods="34" coveredmethods="17"/>
      <line num="24" count="13" type="cond" truecount="2" falsecount="1"/>
      <line num="25" count="13" type="stmt"/>
      <line num="27" count="13" type="stmt"/>
      <line num="29" count="13" type="stmt"/>
      <line num="30" count="5" type="stmt"/>
      <line num="31" count="5" type="cond" truecount="1" falsecount="1"/>
      <line num="32" count="5" type="stmt"/>
      <line num="34" count="0" type="stmt"/>
      <line num="38" count="13" type="stmt"/>
      <line num="39" count="0" type="stmt"/>
      <line num="43" count="33" type="stmt"/>
      <line num="52" count="33" type="cond" truecount="1" falsecount="1"/>
      <line num="55" count="0" type="stmt"/>
      <line num="56" count="0" type="stmt"/>
      <line num="58" count="0" type="stmt"/>
      <line num="59" count="0" type="stmt"/>
      <line num="60" count="0" type="stmt"/>
      <line num="61" count="0" type="stmt"/>
      <line num="62" count="0" type="cond" truecount="0" falsecount="2"/>
      <line num="65" count="0" type="cond" truecount="0" falsecount="2"/>
      <line num="66" count="0" type="stmt"/>
      <line num="67" count="0" type="cond" truecount="0" falsecount="4"/>
      <line num="68" count="0" type="stmt"/>
      <line num="70" count="0" type="cond" truecount="0" falsecount="2"/>
      <line num="74" count="33" type="stmt"/>
      <line num="75" count="33" type="stmt"/>
      <line num="77" count="0" type="cond" truecount="0" falsecount="2"/>
      <line num="81" count="13" type="stmt"/>
      <line num="83" count="5" type="stmt"/>
      <line num="88" count="0" type="stmt"/>
      <line num="93" count="0" type="stmt"/>
      <line num="98" count="0" type="stmt"/>
      <line num="103" count="0" type="stmt"/>
      <line num="108" count="2" type="stmt"/>
      <line num="112" count="0" type="stmt"/>
      <line num="113" count="0" type="stmt"/>
      <line num="115" count="4" type="stmt"/>
      <line num="119" count="0" type="stmt"/>
      <line num="121" count="5" type="stmt"/>
      <line num="126" count="4" type="stmt"/>
      <line num="131" count="4" type="stmt"/>
      <line num="133" count="1" type="stmt"/>
      <line num="135" count="0" type="stmt"/>
      <line num="138" count="0" type="stmt"/>
      <line num="139" count="0" type="stmt"/>
      <line num="140" count="1" type="stmt"/>
      <line num="142" count="1" type="stmt"/>
      <line num="147" count="0" type="stmt"/>
      <line num="152" count="0" type="stmt"/>
      <line num="156" count="1" type="stmt"/>
      <line num="161" count="1" type="stmt"/>
      <line num="165" count="1" type="stmt"/>
      <line num="169" count="1" type="stmt"/>
      <line num="174" count="1" type="stmt"/>
      <line num="178" count="0" type="stmt"/>
      <line num="180" count="1" type="stmt"/>
      <line num="184" count="0" type="stmt"/>
      <line num="189" count="0" type="stmt"/>
      <line num="190" count="0" type="cond" truecount="0" falsecount="2"/>
      <line num="191" count="0" type="cond" truecount="0" falsecount="2"/>
      <line num="192" count="0" type="cond" truecount="0" falsecount="2"/>
      <line num="193" count="0" type="cond" truecount="0" falsecount="2"/>
      <line num="194" count="0" type="stmt"/>
      <line num="196" count="0" type="stmt"/>
    </file>
  </project>
</coverage>
