{"/Users/rodrigoborgia/RB/RB-Strategic-Framework/frontend/src/lib/api.ts": {"path":"/Users/rodrigoborgia/RB/RB-Strategic-Framework/frontend/src/lib/api.ts","statementMap":{"0":{"start":{"line":58,"column":0},"end":{"line":58,"column":16}},"1":{"start":{"line":67,"column":0},"end":{"line":67,"column":16}},"2":{"start":{"line":30,"column":19},"end":{"line":52,"column":1}},"3":{"start":{"line":33,"column":2},"end":{"line":35,"column":3}},"4":{"start":{"line":34,"column":4},"end":{"line":34,"column":35}},"5":{"start":{"line":38,"column":2},"end":{"line":40,"column":3}},"6":{"start":{"line":39,"column":4},"end":{"line":39,"column":35}},"7":{"start":{"line":43,"column":19},"end":{"line":43,"column":50}},"8":{"start":{"line":46,"column":2},"end":{"line":48,"column":3}},"9":{"start":{"line":47,"column":4},"end":{"line":47,"column":39}},"10":{"start":{"line":51,"column":2},"end":{"line":51,"column":33}},"11":{"start":{"line":54,"column":23},"end":{"line":54,"column":38}},"12":{"start":{"line":56,"column":16},"end":{"line":56,"column":52}},"13":{"start":{"line":59,"column":2},"end":{"line":59,"column":20}},"14":{"start":{"line":60,"column":2},"end":{"line":64,"column":3}},"15":{"start":{"line":61,"column":4},"end":{"line":61,"column":48}},"16":{"start":{"line":63,"column":4},"end":{"line":63,"column":44}},"17":{"start":{"line":68,"column":2},"end":{"line":68,"column":19}},"18":{"start":{"line":72,"column":19},"end":{"line":72,"column":31}},"19":{"start":{"line":73,"column":19},"end":{"line":80,"column":4}},"20":{"start":{"line":82,"column":2},"end":{"line":97,"column":3}},"21":{"start":{"line":83,"column":23},"end":{"line":83,"column":49}},"22":{"start":{"line":84,"column":4},"end":{"line":95,"column":5}},"23":{"start":{"line":85,"column":19},"end":{"line":85,"column":40}},"24":{"start":{"line":86,"column":24},"end":{"line":86,"column":36}},"25":{"start":{"line":87,"column":6},"end":{"line":89,"column":7}},"26":{"start":{"line":88,"column":8},"end":{"line":88,"column":50}},"27":{"start":{"line":90,"column":6},"end":{"line":90,"column":144}},"28":{"start":{"line":93,"column":6},"end":{"line":93,"column":120}},"29":{"start":{"line":94,"column":6},"end":{"line":94,"column":67}},"30":{"start":{"line":96,"column":4},"end":{"line":96,"column":34}},"31":{"start":{"line":99,"column":2},"end":{"line":103,"column":3}},"32":{"start":{"line":100,"column":4},"end":{"line":100,"column":47}},"33":{"start":{"line":102,"column":4},"end":{"line":102,"column":175}},"34":{"start":{"line":106,"column":13},"end":{"line":237,"column":2}},"35":{"start":{"line":108,"column":4},"end":{"line":111,"column":6}},"36":{"start":{"line":113,"column":4},"end":{"line":116,"column":6}},"37":{"start":{"line":118,"column":4},"end":{"line":121,"column":6}},"38":{"start":{"line":123,"column":4},"end":{"line":126,"column":6}},"39":{"start":{"line":128,"column":4},"end":{"line":131,"column":6}},"40":{"start":{"line":133,"column":4},"end":{"line":136,"column":6}},"41":{"start":{"line":138,"column":4},"end":{"line":141,"column":6}},"42":{"start":{"line":142,"column":12},"end":{"line":142,"column":48}},"43":{"start":{"line":143,"column":24},"end":{"line":143,"column":68}},"44":{"start":{"line":145,"column":4},"end":{"line":148,"column":6}},"45":{"start":{"line":149,"column":26},"end":{"line":149,"column":69}},"46":{"start":{"line":151,"column":4},"end":{"line":154,"column":6}},"47":{"start":{"line":156,"column":4},"end":{"line":159,"column":6}},"48":{"start":{"line":161,"column":4},"end":{"line":161,"column":70}},"49":{"start":{"line":163,"column":4},"end":{"line":163,"column":206}},"50":{"start":{"line":165,"column":4},"end":{"line":167,"column":6}},"51":{"start":{"line":168,"column":27},"end":{"line":168,"column":73}},"52":{"start":{"line":169,"column":19},"end":{"line":169,"column":56}},"53":{"start":{"line":170,"column":27},"end":{"line":170,"column":64}},"54":{"start":{"line":172,"column":4},"end":{"line":175,"column":6}},"55":{"start":{"line":177,"column":4},"end":{"line":180,"column":6}},"56":{"start":{"line":182,"column":4},"end":{"line":184,"column":6}},"57":{"start":{"line":186,"column":4},"end":{"line":189,"column":6}},"58":{"start":{"line":191,"column":4},"end":{"line":193,"column":6}},"59":{"start":{"line":195,"column":4},"end":{"line":197,"column":6}},"60":{"start":{"line":199,"column":4},"end":{"line":202,"column":6}},"61":{"start":{"line":204,"column":4},"end":{"line":207,"column":6}},"62":{"start":{"line":208,"column":22},"end":{"line":208,"column":71}},"63":{"start":{"line":209,"column":31},"end":{"line":209,"column":92}},"64":{"start":{"line":211,"column":4},"end":{"line":211,"column":81}},"65":{"start":{"line":213,"column":4},"end":{"line":214,"column":null}},"66":{"start":{"line":217,"column":4},"end":{"line":220,"column":6}},"67":{"start":{"line":222,"column":19},"end":{"line":222,"column":40}},"68":{"start":{"line":223,"column":4},"end":{"line":223,"column":98}},"69":{"start":{"line":223,"column":39},"end":{"line":223,"column":98}},"70":{"start":{"line":224,"column":4},"end":{"line":224,"column":85}},"71":{"start":{"line":224,"column":35},"end":{"line":224,"column":85}},"72":{"start":{"line":225,"column":4},"end":{"line":225,"column":78}},"73":{"start":{"line":225,"column":30},"end":{"line":225,"column":78}},"74":{"start":{"line":226,"column":19},"end":{"line":226,"column":67}},"75":{"start":{"line":227,"column":4},"end":{"line":227,"column":85}},"76":{"start":{"line":229,"column":33},"end":{"line":229,"column":94}},"77":{"start":{"line":230,"column":40},"end":{"line":230,"column":106}},"78":{"start":{"line":231,"column":27},"end":{"line":231,"column":79}},"79":{"start":{"line":233,"column":4},"end":{"line":236,"column":6}}},"fnMap":{"0":{"name":"(anonymous_0)","decl":{"start":{"line":30,"column":19},"end":{"line":30,"column":22}},"loc":{"start":{"line":30,"column":24},"end":{"line":52,"column":1}}},"1":{"name":"setAuthToken","decl":{"start":{"line":58,"column":16},"end":{"line":58,"column":28}},"loc":{"start":{"line":58,"column":49},"end":{"line":65,"column":1}}},"2":{"name":"getAuthToken","decl":{"start":{"line":67,"column":16},"end":{"line":67,"column":28}},"loc":{"start":{"line":67,"column":28},"end":{"line":69,"column":1}}},"3":{"name":"request","decl":{"start":{"line":71,"column":15},"end":{"line":71,"column":22}},"loc":{"start":{"line":71,"column":61},"end":{"line":104,"column":1}}},"4":{"name":"(anonymous_4)","decl":{"start":{"line":107,"column":9},"end":{"line":107,"column":10}},"loc":{"start":{"line":108,"column":4},"end":{"line":111,"column":6}}},"5":{"name":"(anonymous_5)","decl":{"start":{"line":112,"column":21},"end":{"line":112,"column":22}},"loc":{"start":{"line":113,"column":4},"end":{"line":116,"column":6}}},"6":{"name":"(anonymous_6)","decl":{"start":{"line":117,"column":19},"end":{"line":117,"column":20}},"loc":{"start":{"line":118,"column":4},"end":{"line":121,"column":6}}},"7":{"name":"(anonymous_7)","decl":{"start":{"line":122,"column":21},"end":{"line":122,"column":22}},"loc":{"start":{"line":123,"column":4},"end":{"line":126,"column":6}}},"8":{"name":"(anonymous_8)","decl":{"start":{"line":127,"column":16},"end":{"line":127,"column":17}},"loc":{"start":{"line":128,"column":4},"end":{"line":131,"column":6}}},"9":{"name":"(anonymous_9)","decl":{"start":{"line":132,"column":15},"end":{"line":132,"column":16}},"loc":{"start":{"line":133,"column":4},"end":{"line":136,"column":6}}},"10":{"name":"(anonymous_10)","decl":{"start":{"line":137,"column":31},"end":{"line":137,"column":32}},"loc":{"start":{"line":138,"column":4},"end":{"line":141,"column":6}}},"11":{"name":"(anonymous_11)","decl":{"start":{"line":142,"column":6},"end":{"line":142,"column":9}},"loc":{"start":{"line":142,"column":12},"end":{"line":142,"column":48}}},"12":{"name":"(anonymous_12)","decl":{"start":{"line":143,"column":18},"end":{"line":143,"column":21}},"loc":{"start":{"line":143,"column":24},"end":{"line":143,"column":68}}},"13":{"name":"(anonymous_13)","decl":{"start":{"line":144,"column":19},"end":{"line":144,"column":20}},"loc":{"start":{"line":145,"column":4},"end":{"line":148,"column":6}}},"14":{"name":"(anonymous_14)","decl":{"start":{"line":149,"column":20},"end":{"line":149,"column":23}},"loc":{"start":{"line":149,"column":26},"end":{"line":149,"column":69}}},"15":{"name":"(anonymous_15)","decl":{"start":{"line":150,"column":21},"end":{"line":150,"column":22}},"loc":{"start":{"line":151,"column":4},"end":{"line":154,"column":6}}},"16":{"name":"(anonymous_16)","decl":{"start":{"line":155,"column":25},"end":{"line":155,"column":26}},"loc":{"start":{"line":156,"column":4},"end":{"line":159,"column":6}}},"17":{"name":"(anonymous_17)","decl":{"start":{"line":160,"column":26},"end":{"line":160,"column":27}},"loc":{"start":{"line":161,"column":4},"end":{"line":161,"column":70}}},"18":{"name":"(anonymous_18)","decl":{"start":{"line":162,"column":24},"end":{"line":162,"column":25}},"loc":{"start":{"line":163,"column":4},"end":{"line":163,"column":206}}},"19":{"name":"(anonymous_19)","decl":{"start":{"line":164,"column":27},"end":{"line":164,"column":28}},"loc":{"start":{"line":165,"column":4},"end":{"line":167,"column":6}}},"20":{"name":"(anonymous_20)","decl":{"start":{"line":168,"column":21},"end":{"line":168,"column":24}},"loc":{"start":{"line":168,"column":27},"end":{"line":168,"column":73}}},"21":{"name":"(anonymous_21)","decl":{"start":{"line":169,"column":13},"end":{"line":169,"column":16}},"loc":{"start":{"line":169,"column":19},"end":{"line":169,"column":56}}},"22":{"name":"(anonymous_22)","decl":{"start":{"line":170,"column":11},"end":{"line":170,"column":12}},"loc":{"start":{"line":170,"column":27},"end":{"line":170,"column":64}}},"23":{"name":"(anonymous_23)","decl":{"start":{"line":171,"column":14},"end":{"line":171,"column":15}},"loc":{"start":{"line":172,"column":4},"end":{"line":175,"column":6}}},"24":{"name":"(anonymous_24)","decl":{"start":{"line":176,"column":26},"end":{"line":176,"column":27}},"loc":{"start":{"line":177,"column":4},"end":{"line":180,"column":6}}},"25":{"name":"(anonymous_25)","decl":{"start":{"line":181,"column":14},"end":{"line":181,"column":15}},"loc":{"start":{"line":182,"column":4},"end":{"line":184,"column":6}}},"26":{"name":"(anonymous_26)","decl":{"start":{"line":185,"column":19},"end":{"line":185,"column":20}},"loc":{"start":{"line":186,"column":4},"end":{"line":189,"column":6}}},"27":{"name":"(anonymous_27)","decl":{"start":{"line":190,"column":15},"end":{"line":190,"column":16}},"loc":{"start":{"line":191,"column":4},"end":{"line":193,"column":6}}},"28":{"name":"(anonymous_28)","decl":{"start":{"line":194,"column":16},"end":{"line":194,"column":17}},"loc":{"start":{"line":195,"column":4},"end":{"line":197,"column":6}}},"29":{"name":"(anonymous_29)","decl":{"start":{"line":198,"column":15},"end":{"line":198,"column":16}},"loc":{"start":{"line":199,"column":4},"end":{"line":202,"column":6}}},"30":{"name":"(anonymous_30)","decl":{"start":{"line":203,"column":13},"end":{"line":203,"column":14}},"loc":{"start":{"line":204,"column":4},"end":{"line":207,"column":6}}},"31":{"name":"(anonymous_31)","decl":{"start":{"line":208,"column":16},"end":{"line":208,"column":19}},"loc":{"start":{"line":208,"column":22},"end":{"line":208,"column":71}}},"32":{"name":"(anonymous_32)","decl":{"start":{"line":209,"column":25},"end":{"line":209,"column":28}},"loc":{"start":{"line":209,"column":31},"end":{"line":209,"column":92}}},"33":{"name":"(anonymous_33)","decl":{"start":{"line":210,"column":30},"end":{"line":210,"column":31}},"loc":{"start":{"line":211,"column":4},"end":{"line":211,"column":81}}},"34":{"name":"(anonymous_34)","decl":{"start":{"line":212,"column":28},"end":{"line":212,"column":29}},"loc":{"start":{"line":213,"column":4},"end":{"line":214,"column":null}}},"35":{"name":"(anonymous_35)","decl":{"start":{"line":216,"column":31},"end":{"line":216,"column":32}},"loc":{"start":{"line":217,"column":4},"end":{"line":220,"column":6}}},"36":{"name":"(anonymous_36)","decl":{"start":{"line":221,"column":30},"end":{"line":221,"column":31}},"loc":{"start":{"line":221,"column":111},"end":{"line":228,"column":3}}},"37":{"name":"(anonymous_37)","decl":{"start":{"line":229,"column":27},"end":{"line":229,"column":30}},"loc":{"start":{"line":229,"column":33},"end":{"line":229,"column":94}}},"38":{"name":"(anonymous_38)","decl":{"start":{"line":230,"column":34},"end":{"line":230,"column":37}},"loc":{"start":{"line":230,"column":40},"end":{"line":230,"column":106}}},"39":{"name":"(anonymous_39)","decl":{"start":{"line":231,"column":21},"end":{"line":231,"column":24}},"loc":{"start":{"line":231,"column":27},"end":{"line":231,"column":79}}},"40":{"name":"(anonymous_40)","decl":{"start":{"line":232,"column":28},"end":{"line":232,"column":29}},"loc":{"start":{"line":233,"column":4},"end":{"line":236,"column":6}}}},"branchMap":{"0":{"loc":{"start":{"line":33,"column":2},"end":{"line":35,"column":3}},"type":"if","locations":[{"start":{"line":33,"column":2},"end":{"line":35,"column":3}},{"start":{},"end":{}}]},"1":{"loc":{"start":{"line":38,"column":2},"end":{"line":40,"column":3}},"type":"if","locations":[{"start":{"line":38,"column":2},"end":{"line":40,"column":3}},{"start":{},"end":{}}]},"2":{"loc":{"start":{"line":38,"column":6},"end":{"line":38,"column":80}},"type":"binary-expr","locations":[{"start":{"line":38,"column":6},"end":{"line":38,"column":38}},{"start":{"line":38,"column":42},"end":{"line":38,"column":80}}]},"3":{"loc":{"start":{"line":43,"column":19},"end":{"line":43,"column":50}},"type":"binary-expr","locations":[{"start":{"line":43,"column":19},"end":{"line":43,"column":44}},{"start":{"line":43,"column":48},"end":{"line":43,"column":50}}]},"4":{"loc":{"start":{"line":46,"column":2},"end":{"line":48,"column":3}},"type":"if","locations":[{"start":{"line":46,"column":2},"end":{"line":48,"column":3}},{"start":{},"end":{}}]},"5":{"loc":{"start":{"line":46,"column":6},"end":{"line":46,"column":78}},"type":"binary-expr","locations":[{"start":{"line":46,"column":6},"end":{"line":46,"column":38}},{"start":{"line":46,"column":42},"end":{"line":46,"column":78}}]},"6":{"loc":{"start":{"line":60,"column":2},"end":{"line":64,"column":3}},"type":"if","locations":[{"start":{"line":60,"column":2},"end":{"line":64,"column":3}},{"start":{"line":62,"column":9},"end":{"line":64,"column":3}}]},"7":{"loc":{"start":{"line":76,"column":10},"end":{"line":76,"column":67}},"type":"cond-expr","locations":[{"start":{"line":76,"column":22},"end":{"line":76,"column":62}},{"start":{"line":76,"column":65},"end":{"line":76,"column":67}}]},"8":{"loc":{"start":{"line":77,"column":10},"end":{"line":77,"column":32}},"type":"binary-expr","locations":[{"start":{"line":77,"column":10},"end":{"line":77,"column":26}},{"start":{"line":77,"column":30},"end":{"line":77,"column":32}}]},"9":{"loc":{"start":{"line":82,"column":2},"end":{"line":97,"column":3}},"type":"if","locations":[{"start":{"line":82,"column":2},"end":{"line":97,"column":3}},{"start":{},"end":{}}]},"10":{"loc":{"start":{"line":87,"column":6},"end":{"line":89,"column":7}},"type":"if","locations":[{"start":{"line":87,"column":6},"end":{"line":89,"column":7}},{"start":{},"end":{}}]},"11":{"loc":{"start":{"line":87,"column":10},"end":{"line":87,"column":56}},"type":"binary-expr","locations":[{"start":{"line":87,"column":10},"end":{"line":87,"column":21}},{"start":{"line":87,"column":25},"end":{"line":87,"column":56}}]},"12":{"loc":{"start":{"line":90,"column":64},"end":{"line":90,"column":88}},"type":"binary-expr","locations":[{"start":{"line":90,"column":64},"end":{"line":90,"column":79}},{"start":{"line":90,"column":83},"end":{"line":90,"column":88}}]},"13":{"loc":{"start":{"line":93,"column":64},"end":{"line":93,"column":88}},"type":"binary-expr","locations":[{"start":{"line":93,"column":64},"end":{"line":93,"column":79}},{"start":{"line":93,"column":83},"end":{"line":93,"column":88}}]},"14":{"loc":{"start":{"line":102,"column":88},"end":{"line":102,"column":112}},"type":"binary-expr","locations":[{"start":{"line":102,"column":88},"end":{"line":102,"column":103}},{"start":{"line":102,"column":107},"end":{"line":102,"column":112}}]},"15":{"loc":{"start":{"line":112,"column":71},"end":{"line":112,"column":95}},"type":"default-arg","locations":[{"start":{"line":112,"column":88},"end":{"line":112,"column":95}}]},"16":{"loc":{"start":{"line":174,"column":60},"end":{"line":174,"column":83}},"type":"binary-expr","locations":[{"start":{"line":174,"column":60},"end":{"line":174,"column":75}},{"start":{"line":174,"column":79},"end":{"line":174,"column":83}}]},"17":{"loc":{"start":{"line":179,"column":47},"end":{"line":179,"column":70}},"type":"binary-expr","locations":[{"start":{"line":179,"column":47},"end":{"line":179,"column":62}},{"start":{"line":179,"column":66},"end":{"line":179,"column":70}}]},"18":{"loc":{"start":{"line":214,"column":6},"end":{"line":214,"column":102}},"type":"cond-expr","locations":[{"start":{"line":214,"column":17},"end":{"line":214,"column":69}},{"start":{"line":214,"column":72},"end":{"line":214,"column":102}}]},"19":{"loc":{"start":{"line":223,"column":4},"end":{"line":223,"column":98}},"type":"if","locations":[{"start":{"line":223,"column":4},"end":{"line":223,"column":98}},{"start":{},"end":{}}]},"20":{"loc":{"start":{"line":224,"column":4},"end":{"line":224,"column":85}},"type":"if","locations":[{"start":{"line":224,"column":4},"end":{"line":224,"column":85}},{"start":{},"end":{}}]},"21":{"loc":{"start":{"line":225,"column":4},"end":{"line":225,"column":78}},"type":"if","locations":[{"start":{"line":225,"column":4},"end":{"line":225,"column":78}},{"start":{},"end":{}}]},"22":{"loc":{"start":{"line":226,"column":19},"end":{"line":226,"column":67}},"type":"cond-expr","locations":[{"start":{"line":226,"column":39},"end":{"line":226,"column":62}},{"start":{"line":226,"column":65},"end":{"line":226,"column":67}}]}},"s":{"0":14,"1":14,"2":14,"3":34,"4":0,"5":34,"6":34,"7":0,"8":0,"9":0,"10":0,"11":14,"12":14,"13":5,"14":5,"15":5,"16":0,"17":0,"18":34,"19":34,"20":34,"21":0,"22":0,"23":0,"24":0,"25":0,"26":0,"27":0,"28":0,"29":0,"30":0,"31":34,"32":34,"33":0,"34":14,"35":5,"36":0,"37":0,"38":0,"39":0,"40":1,"41":2,"42":0,"43":0,"44":4,"45":0,"46":5,"47":4,"48":4,"49":1,"50":0,"51":0,"52":0,"53":1,"54":1,"55":0,"56":0,"57":1,"58":1,"59":1,"60":1,"61":1,"62":0,"63":0,"64":0,"65":1,"66":0,"67":0,"68":0,"69":0,"70":0,"71":0,"72":0,"73":0,"74":0,"75":0,"76":0,"77":0,"78":0,"79":0},"f":{"0":34,"1":5,"2":0,"3":34,"4":5,"5":0,"6":0,"7":0,"8":0,"9":1,"10":2,"11":0,"12":0,"13":4,"14":0,"15":5,"16":4,"17":4,"18":1,"19":0,"20":0,"21":0,"22":1,"23":1,"24":0,"25":0,"26":1,"27":1,"28":1,"29":1,"30":1,"31":0,"32":0,"33":0,"34":1,"35":0,"36":0,"37":0,"38":0,"39":0,"40":0},"b":{"0":[0,34],"1":[34,0],"2":[34,34],"3":[0,0],"4":[0,0],"5":[0,0],"6":[5,0],"7":[28,6],"8":[34,34],"9":[0,34],"10":[0,0],"11":[0,0],"12":[0,0],"13":[0,0],"14":[0,0],"15":[0],"16":[1,1],"17":[0,0],"18":[1,0],"19":[0,0],"20":[0,0],"21":[0,0],"22":[0,0]}}
}
