{"/Users/rodrigoborgia/RB/frontend/src/lib/api.ts": {"path":"/Users/rodrigoborgia/RB/frontend/src/lib/api.ts","statementMap":{"0":{"start":{"line":27,"column":0},"end":{"line":27,"column":16}},"1":{"start":{"line":36,"column":0},"end":{"line":36,"column":16}},"2":{"start":{"line":22,"column":17},"end":{"line":22,"column":68}},"3":{"start":{"line":23,"column":23},"end":{"line":23,"column":38}},"4":{"start":{"line":25,"column":16},"end":{"line":25,"column":52}},"5":{"start":{"line":28,"column":2},"end":{"line":28,"column":20}},"6":{"start":{"line":29,"column":2},"end":{"line":33,"column":3}},"7":{"start":{"line":30,"column":4},"end":{"line":30,"column":48}},"8":{"start":{"line":32,"column":4},"end":{"line":32,"column":44}},"9":{"start":{"line":37,"column":2},"end":{"line":37,"column":19}},"10":{"start":{"line":41,"column":19},"end":{"line":47,"column":null}},"11":{"start":{"line":50,"column":2},"end":{"line":58,"column":3}},"12":{"start":{"line":52,"column":4},"end":{"line":56,"column":5}},"13":{"start":{"line":53,"column":6},"end":{"line":53,"column":35}},"14":{"start":{"line":55,"column":6},"end":{"line":55,"column":177}},"15":{"start":{"line":57,"column":4},"end":{"line":57,"column":106}},"16":{"start":{"line":60,"column":2},"end":{"line":64,"column":3}},"17":{"start":{"line":61,"column":4},"end":{"line":61,"column":47}},"18":{"start":{"line":63,"column":4},"end":{"line":63,"column":175}},"19":{"start":{"line":67,"column":13},"end":{"line":161,"column":2}},"20":{"start":{"line":69,"column":4},"end":{"line":72,"column":6}},"21":{"start":{"line":74,"column":4},"end":{"line":77,"column":6}},"22":{"start":{"line":78,"column":12},"end":{"line":78,"column":48}},"23":{"start":{"line":79,"column":24},"end":{"line":79,"column":68}},"24":{"start":{"line":81,"column":4},"end":{"line":84,"column":6}},"25":{"start":{"line":85,"column":26},"end":{"line":85,"column":69}},"26":{"start":{"line":87,"column":4},"end":{"line":90,"column":6}},"27":{"start":{"line":92,"column":4},"end":{"line":95,"column":6}},"28":{"start":{"line":97,"column":4},"end":{"line":97,"column":70}},"29":{"start":{"line":99,"column":4},"end":{"line":101,"column":6}},"30":{"start":{"line":102,"column":27},"end":{"line":102,"column":73}},"31":{"start":{"line":103,"column":19},"end":{"line":103,"column":56}},"32":{"start":{"line":104,"column":27},"end":{"line":104,"column":64}},"33":{"start":{"line":106,"column":4},"end":{"line":109,"column":6}},"34":{"start":{"line":111,"column":4},"end":{"line":114,"column":6}},"35":{"start":{"line":116,"column":4},"end":{"line":118,"column":6}},"36":{"start":{"line":120,"column":4},"end":{"line":123,"column":6}},"37":{"start":{"line":125,"column":4},"end":{"line":127,"column":6}},"38":{"start":{"line":129,"column":4},"end":{"line":131,"column":6}},"39":{"start":{"line":133,"column":4},"end":{"line":136,"column":6}},"40":{"start":{"line":138,"column":4},"end":{"line":141,"column":6}},"41":{"start":{"line":142,"column":22},"end":{"line":142,"column":71}},"42":{"start":{"line":144,"column":4},"end":{"line":145,"column":null}},"43":{"start":{"line":148,"column":4},"end":{"line":151,"column":6}},"44":{"start":{"line":153,"column":19},"end":{"line":153,"column":40}},"45":{"start":{"line":154,"column":4},"end":{"line":154,"column":98}},"46":{"start":{"line":154,"column":39},"end":{"line":154,"column":98}},"47":{"start":{"line":155,"column":4},"end":{"line":155,"column":85}},"48":{"start":{"line":155,"column":35},"end":{"line":155,"column":85}},"49":{"start":{"line":156,"column":4},"end":{"line":156,"column":78}},"50":{"start":{"line":156,"column":30},"end":{"line":156,"column":78}},"51":{"start":{"line":157,"column":19},"end":{"line":157,"column":67}},"52":{"start":{"line":158,"column":4},"end":{"line":158,"column":85}},"53":{"start":{"line":160,"column":33},"end":{"line":160,"column":94}}},"fnMap":{"0":{"name":"setAuthToken","decl":{"start":{"line":27,"column":16},"end":{"line":27,"column":28}},"loc":{"start":{"line":27,"column":49},"end":{"line":34,"column":1}}},"1":{"name":"getAuthToken","decl":{"start":{"line":36,"column":16},"end":{"line":36,"column":28}},"loc":{"start":{"line":36,"column":28},"end":{"line":38,"column":1}}},"2":{"name":"request","decl":{"start":{"line":40,"column":15},"end":{"line":40,"column":22}},"loc":{"start":{"line":40,"column":61},"end":{"line":65,"column":null}}},"3":{"name":"(anonymous_11)","decl":{"start":{"line":68,"column":9},"end":{"line":68,"column":10}},"loc":{"start":{"line":69,"column":4},"end":{"line":72,"column":6}}},"4":{"name":"(anonymous_12)","decl":{"start":{"line":73,"column":31},"end":{"line":73,"column":32}},"loc":{"start":{"line":74,"column":4},"end":{"line":77,"column":6}}},"5":{"name":"(anonymous_13)","decl":{"start":{"line":78,"column":6},"end":{"line":78,"column":9}},"loc":{"start":{"line":78,"column":12},"end":{"line":78,"column":48}}},"6":{"name":"(anonymous_14)","decl":{"start":{"line":79,"column":18},"end":{"line":79,"column":21}},"loc":{"start":{"line":79,"column":24},"end":{"line":79,"column":68}}},"7":{"name":"(anonymous_15)","decl":{"start":{"line":80,"column":19},"end":{"line":80,"column":20}},"loc":{"start":{"line":81,"column":4},"end":{"line":84,"column":6}}},"8":{"name":"(anonymous_16)","decl":{"start":{"line":85,"column":20},"end":{"line":85,"column":23}},"loc":{"start":{"line":85,"column":26},"end":{"line":85,"column":69}}},"9":{"name":"(anonymous_17)","decl":{"start":{"line":86,"column":21},"end":{"line":86,"column":22}},"loc":{"start":{"line":87,"column":4},"end":{"line":90,"column":6}}},"10":{"name":"(anonymous_18)","decl":{"start":{"line":91,"column":25},"end":{"line":91,"column":26}},"loc":{"start":{"line":92,"column":4},"end":{"line":95,"column":6}}},"11":{"name":"(anonymous_19)","decl":{"start":{"line":96,"column":26},"end":{"line":96,"column":27}},"loc":{"start":{"line":97,"column":4},"end":{"line":97,"column":70}}},"12":{"name":"(anonymous_20)","decl":{"start":{"line":98,"column":27},"end":{"line":98,"column":28}},"loc":{"start":{"line":99,"column":4},"end":{"line":101,"column":6}}},"13":{"name":"(anonymous_21)","decl":{"start":{"line":102,"column":21},"end":{"line":102,"column":24}},"loc":{"start":{"line":102,"column":27},"end":{"line":102,"column":73}}},"14":{"name":"(anonymous_22)","decl":{"start":{"line":103,"column":13},"end":{"line":103,"column":16}},"loc":{"start":{"line":103,"column":19},"end":{"line":103,"column":56}}},"15":{"name":"(anonymous_23)","decl":{"start":{"line":104,"column":11},"end":{"line":104,"column":12}},"loc":{"start":{"line":104,"column":27},"end":{"line":104,"column":64}}},"16":{"name":"(anonymous_24)","decl":{"start":{"line":105,"column":14},"end":{"line":105,"column":15}},"loc":{"start":{"line":106,"column":4},"end":{"line":109,"column":6}}},"17":{"name":"(anonymous_25)","decl":{"start":{"line":110,"column":26},"end":{"line":110,"column":27}},"loc":{"start":{"line":111,"column":4},"end":{"line":114,"column":6}}},"18":{"name":"(anonymous_26)","decl":{"start":{"line":115,"column":14},"end":{"line":115,"column":15}},"loc":{"start":{"line":116,"column":4},"end":{"line":118,"column":6}}},"19":{"name":"(anonymous_27)","decl":{"start":{"line":119,"column":19},"end":{"line":119,"column":20}},"loc":{"start":{"line":120,"column":4},"end":{"line":123,"column":6}}},"20":{"name":"(anonymous_28)","decl":{"start":{"line":124,"column":15},"end":{"line":124,"column":16}},"loc":{"start":{"line":125,"column":4},"end":{"line":127,"column":6}}},"21":{"name":"(anonymous_29)","decl":{"start":{"line":128,"column":16},"end":{"line":128,"column":17}},"loc":{"start":{"line":129,"column":4},"end":{"line":131,"column":6}}},"22":{"name":"(anonymous_30)","decl":{"start":{"line":132,"column":15},"end":{"line":132,"column":16}},"loc":{"start":{"line":133,"column":4},"end":{"line":136,"column":6}}},"23":{"name":"(anonymous_31)","decl":{"start":{"line":137,"column":13},"end":{"line":137,"column":14}},"loc":{"start":{"line":138,"column":4},"end":{"line":141,"column":6}}},"24":{"name":"(anonymous_32)","decl":{"start":{"line":142,"column":16},"end":{"line":142,"column":19}},"loc":{"start":{"line":142,"column":22},"end":{"line":142,"column":71}}},"25":{"name":"(anonymous_33)","decl":{"start":{"line":143,"column":28},"end":{"line":143,"column":29}},"loc":{"start":{"line":144,"column":4},"end":{"line":145,"column":null}}},"26":{"name":"(anonymous_34)","decl":{"start":{"line":147,"column":31},"end":{"line":147,"column":32}},"loc":{"start":{"line":148,"column":4},"end":{"line":151,"column":6}}},"27":{"name":"(anonymous_35)","decl":{"start":{"line":152,"column":30},"end":{"line":152,"column":31}},"loc":{"start":{"line":152,"column":111},"end":{"line":159,"column":3}}},"28":{"name":"(anonymous_36)","decl":{"start":{"line":160,"column":27},"end":{"line":160,"column":30}},"loc":{"start":{"line":160,"column":33},"end":{"line":160,"column":94}}}},"branchMap":{"0":{"loc":{"start":{"line":22,"column":17},"end":{"line":22,"column":68}},"type":"binary-expr","locations":[{"start":{"line":22,"column":17},"end":{"line":22,"column":41}},{"start":{"line":22,"column":45},"end":{"line":22,"column":68}}]},"1":{"loc":{"start":{"line":29,"column":2},"end":{"line":33,"column":3}},"type":"if","locations":[{"start":{"line":29,"column":2},"end":{"line":33,"column":3}},{"start":{"line":31,"column":9},"end":{"line":33,"column":3}}]},"2":{"loc":{"start":{"line":44,"column":10},"end":{"line":44,"column":67}},"type":"cond-expr","locations":[{"start":{"line":44,"column":22},"end":{"line":44,"column":62}},{"start":{"line":44,"column":65},"end":{"line":44,"column":67}}]},"3":{"loc":{"start":{"line":45,"column":10},"end":{"line":45,"column":32}},"type":"cond-expr","locations":[{"start":{"line":45,"column":26},"end":{"line":45,"column":30}},{"start":{"line":45,"column":30},"end":{"line":45,"column":32}}]},"4":{"loc":{"start":{"line":45,"column":10},"end":{"line":45,"column":30}},"type":"binary-expr","locations":[{"start":{"line":45,"column":10},"end":{"line":45,"column":30}},{"start":{"line":45,"column":26},"end":{"line":45,"column":30}}]},"5":{"loc":{"start":{"line":45,"column":10},"end":{"line":45,"column":26}},"type":"cond-expr","locations":[{"start":{"line":45,"column":17},"end":{"line":45,"column":19}},{"start":{"line":45,"column":10},"end":{"line":45,"column":26}}]},"6":{"loc":{"start":{"line":45,"column":10},"end":{"line":45,"column":19}},"type":"binary-expr","locations":[{"start":{"line":45,"column":10},"end":{"line":45,"column":19}},{"start":{"line":45,"column":10},"end":{"line":45,"column":19}}]},"7":{"loc":{"start":{"line":50,"column":2},"end":{"line":58,"column":3}},"type":"if","locations":[{"start":{"line":50,"column":2},"end":{"line":58,"column":3}},{"start":{},"end":{}}]},"8":{"loc":{"start":{"line":55,"column":90},"end":{"line":55,"column":114}},"type":"binary-expr","locations":[{"start":{"line":55,"column":90},"end":{"line":55,"column":105}},{"start":{"line":55,"column":109},"end":{"line":55,"column":114}}]},"9":{"loc":{"start":{"line":55,"column":90},"end":{"line":55,"column":105}},"type":"cond-expr","locations":[{"start":{"line":55,"column":97},"end":{"line":55,"column":99}},{"start":{"line":55,"column":90},"end":{"line":55,"column":105}}]},"10":{"loc":{"start":{"line":55,"column":90},"end":{"line":55,"column":99}},"type":"binary-expr","locations":[{"start":{"line":55,"column":90},"end":{"line":55,"column":99}},{"start":{"line":55,"column":90},"end":{"line":55,"column":99}}]},"11":{"loc":{"start":{"line":57,"column":20},"end":{"line":57,"column":104}},"type":"cond-expr","locations":[{"start":{"line":57,"column":31},"end":{"line":57,"column":35}},{"start":{"line":57,"column":35},"end":{"line":57,"column":104}}]},"12":{"loc":{"start":{"line":57,"column":20},"end":{"line":57,"column":35}},"type":"binary-expr","locations":[{"start":{"line":57,"column":20},"end":{"line":57,"column":35}},{"start":{"line":57,"column":31},"end":{"line":57,"column":35}}]},"13":{"loc":{"start":{"line":57,"column":78},"end":{"line":57,"column":102}},"type":"binary-expr","locations":[{"start":{"line":57,"column":78},"end":{"line":57,"column":93}},{"start":{"line":57,"column":97},"end":{"line":57,"column":102}}]},"14":{"loc":{"start":{"line":57,"column":78},"end":{"line":57,"column":93}},"type":"cond-expr","locations":[{"start":{"line":57,"column":85},"end":{"line":57,"column":87}},{"start":{"line":57,"column":78},"end":{"line":57,"column":93}}]},"15":{"loc":{"start":{"line":57,"column":78},"end":{"line":57,"column":87}},"type":"binary-expr","locations":[{"start":{"line":57,"column":78},"end":{"line":57,"column":87}},{"start":{"line":57,"column":78},"end":{"line":57,"column":87}}]},"16":{"loc":{"start":{"line":63,"column":88},"end":{"line":63,"column":112}},"type":"binary-expr","locations":[{"start":{"line":63,"column":88},"end":{"line":63,"column":103}},{"start":{"line":63,"column":107},"end":{"line":63,"column":112}}]},"17":{"loc":{"start":{"line":63,"column":88},"end":{"line":63,"column":103}},"type":"cond-expr","locations":[{"start":{"line":63,"column":95},"end":{"line":63,"column":97}},{"start":{"line":63,"column":88},"end":{"line":63,"column":103}}]},"18":{"loc":{"start":{"line":63,"column":88},"end":{"line":63,"column":97}},"type":"binary-expr","locations":[{"start":{"line":63,"column":88},"end":{"line":63,"column":97}},{"start":{"line":63,"column":88},"end":{"line":63,"column":97}}]},"19":{"loc":{"start":{"line":108,"column":60},"end":{"line":108,"column":83}},"type":"cond-expr","locations":[{"start":{"line":108,"column":60},"end":{"line":108,"column":75}},{"start":{"line":108,"column":79},"end":{"line":108,"column":83}}]},"20":{"loc":{"start":{"line":108,"column":60},"end":{"line":108,"column":79}},"type":"binary-expr","locations":[{"start":{"line":108,"column":60},"end":{"line":108,"column":79}},{"start":{"line":108,"column":60},"end":{"line":108,"column":79}}]},"21":{"loc":{"start":{"line":113,"column":47},"end":{"line":113,"column":70}},"type":"cond-expr","locations":[{"start":{"line":113,"column":47},"end":{"line":113,"column":62}},{"start":{"line":113,"column":66},"end":{"line":113,"column":70}}]},"22":{"loc":{"start":{"line":113,"column":47},"end":{"line":113,"column":66}},"type":"binary-expr","locations":[{"start":{"line":113,"column":47},"end":{"line":113,"column":66}},{"start":{"line":113,"column":47},"end":{"line":113,"column":66}}]},"23":{"loc":{"start":{"line":145,"column":6},"end":{"line":145,"column":102}},"type":"cond-expr","locations":[{"start":{"line":145,"column":17},"end":{"line":145,"column":69}},{"start":{"line":145,"column":72},"end":{"line":145,"column":102}}]},"24":{"loc":{"start":{"line":154,"column":4},"end":{"line":154,"column":98}},"type":"if","locations":[{"start":{"line":154,"column":4},"end":{"line":154,"column":98}},{"start":{},"end":{}}]},"25":{"loc":{"start":{"line":154,"column":8},"end":{"line":154,"column":29}},"type":"cond-expr","locations":[{"start":{"line":154,"column":15},"end":{"line":154,"column":17}},{"start":{"line":154,"column":8},"end":{"line":154,"column":29}}]},"26":{"loc":{"start":{"line":154,"column":8},"end":{"line":154,"column":17}},"type":"binary-expr","locations":[{"start":{"line":154,"column":8},"end":{"line":154,"column":17}},{"start":{"line":154,"column":8},"end":{"line":154,"column":17}}]},"27":{"loc":{"start":{"line":155,"column":4},"end":{"line":155,"column":85}},"type":"if","locations":[{"start":{"line":155,"column":4},"end":{"line":155,"column":85}},{"start":{},"end":{}}]},"28":{"loc":{"start":{"line":155,"column":8},"end":{"line":155,"column":25}},"type":"cond-expr","locations":[{"start":{"line":155,"column":15},"end":{"line":155,"column":17}},{"start":{"line":155,"column":8},"end":{"line":155,"column":25}}]},"29":{"loc":{"start":{"line":155,"column":8},"end":{"line":155,"column":17}},"type":"binary-expr","locations":[{"start":{"line":155,"column":8},"end":{"line":155,"column":17}},{"start":{"line":155,"column":8},"end":{"line":155,"column":17}}]},"30":{"loc":{"start":{"line":156,"column":4},"end":{"line":156,"column":78}},"type":"if","locations":[{"start":{"line":156,"column":4},"end":{"line":156,"column":78}},{"start":{},"end":{}}]},"31":{"loc":{"start":{"line":156,"column":8},"end":{"line":156,"column":28}},"type":"cond-expr","locations":[{"start":{"line":156,"column":15},"end":{"line":156,"column":17}},{"start":{"line":156,"column":8},"end":{"line":156,"column":28}}]},"32":{"loc":{"start":{"line":156,"column":8},"end":{"line":156,"column":17}},"type":"binary-expr","locations":[{"start":{"line":156,"column":8},"end":{"line":156,"column":17}},{"start":{"line":156,"column":8},"end":{"line":156,"column":17}}]},"33":{"loc":{"start":{"line":157,"column":19},"end":{"line":157,"column":67}},"type":"cond-expr","locations":[{"start":{"line":157,"column":39},"end":{"line":157,"column":62}},{"start":{"line":157,"column":65},"end":{"line":157,"column":67}}]}},"s":{"0":8,"1":8,"2":8,"3":8,"4":8,"5":0,"6":0,"7":0,"8":0,"9":0,"10":6,"11":0,"12":0,"13":0,"14":0,"15":0,"16":0,"17":0,"18":0,"19":8,"20":0,"21":0,"22":0,"23":0,"24":1,"25":0,"26":1,"27":0,"28":0,"29":0,"30":0,"31":0,"32":0,"33":1,"34":0,"35":0,"36":1,"37":0,"38":1,"39":1,"40":0,"41":0,"42":0,"43":0,"44":0,"45":0,"46":0,"47":0,"48":0,"49":0,"50":0,"51":0,"52":0,"53":0},"f":{"0":0,"1":0,"2":6,"3":0,"4":0,"5":0,"6":0,"7":1,"8":0,"9":1,"10":0,"11":0,"12":0,"13":0,"14":0,"15":0,"16":1,"17":0,"18":0,"19":1,"20":0,"21":1,"22":1,"23":0,"24":0,"25":0,"26":0,"27":0,"28":0},"b":{"0":[8,8],"1":[0,0],"2":[0,6],"3":[0,6],"4":[6,6],"5":[0,6],"6":[6,6],"7":[0,0],"8":[0,0],"9":[0,0],"10":[0,0],"11":[0,0],"12":[0,0],"13":[0,0],"14":[0,0],"15":[0,0],"16":[0,0],"17":[0,0],"18":[0,0],"19":[0,1],"20":[1,0],"21":[0,0],"22":[0,0],"23":[0,0],"24":[0,0],"25":[0,0],"26":[0,0],"27":[0,0],"28":[0,0],"29":[0,0],"30":[0,0],"31":[0,0],"32":[0,0],"33":[0,0]}}
}
