TN:
SF:src/lib/api.ts
FN:27,setAuthToken
FN:36,getAuthToken
FN:40,request
FN:68,(anonymous_11)
FN:73,(anonymous_12)
FN:78,(anonymous_13)
FN:79,(anonymous_14)
FN:80,(anonymous_15)
FN:85,(anonymous_16)
FN:86,(anonymous_17)
FN:91,(anonymous_18)
FN:96,(anonymous_19)
FN:98,(anonymous_20)
FN:102,(anonymous_21)
FN:103,(anonymous_22)
FN:104,(anonymous_23)
FN:105,(anonymous_24)
FN:110,(anonymous_25)
FN:115,(anonymous_26)
FN:119,(anonymous_27)
FN:124,(anonymous_28)
FN:128,(anonymous_29)
FN:132,(anonymous_30)
FN:137,(anonymous_31)
FN:142,(anonymous_32)
FN:143,(anonymous_33)
FN:147,(anonymous_34)
FN:152,(anonymous_35)
FN:160,(anonymous_36)
FNF:29
FNH:7
FNDA:0,setAuthToken
FNDA:0,getAuthToken
FNDA:6,request
FNDA:0,(anonymous_11)
FNDA:0,(anonymous_12)
FNDA:0,(anonymous_13)
FNDA:0,(anonymous_14)
FNDA:1,(anonymous_15)
FNDA:0,(anonymous_16)
FNDA:1,(anonymous_17)
FNDA:0,(anonymous_18)
FNDA:0,(anonymous_19)
FNDA:0,(anonymous_20)
FNDA:0,(anonymous_21)
FNDA:0,(anonymous_22)
FNDA:0,(anonymous_23)
FNDA:1,(anonymous_24)
FNDA:0,(anonymous_25)
FNDA:0,(anonymous_26)
FNDA:1,(anonymous_27)
FNDA:0,(anonymous_28)
FNDA:1,(anonymous_29)
FNDA:1,(anonymous_30)
FNDA:0,(anonymous_31)
FNDA:0,(anonymous_32)
FNDA:0,(anonymous_33)
FNDA:0,(anonymous_34)
FNDA:0,(anonymous_35)
FNDA:0,(anonymous_36)
DA:22,8
DA:23,8
DA:25,8
DA:27,8
DA:28,0
DA:29,0
DA:30,0
DA:32,0
DA:36,8
DA:37,0
DA:41,6
DA:50,0
DA:52,0
DA:53,0
DA:55,0
DA:57,0
DA:60,0
DA:61,0
DA:63,0
DA:67,8
DA:69,0
DA:74,0
DA:78,0
DA:79,0
DA:81,1
DA:85,0
DA:87,1
DA:92,0
DA:97,0
DA:99,0
DA:102,0
DA:103,0
DA:104,0
DA:106,1
DA:111,0
DA:116,0
DA:120,1
DA:125,0
DA:129,1
DA:133,1
DA:138,0
DA:142,0
DA:144,0
DA:148,0
DA:153,0
DA:154,0
DA:155,0
DA:156,0
DA:157,0
DA:158,0
DA:160,0
LF:51
LH:13
BRDA:22,0,0,8
BRDA:22,0,1,8
BRDA:29,1,0,0
BRDA:29,1,1,0
BRDA:44,2,0,0
BRDA:44,2,1,6
BRDA:45,3,0,0
BRDA:45,3,1,6
BRDA:45,4,0,6
BRDA:45,4,1,6
BRDA:45,5,0,0
BRDA:45,5,1,6
BRDA:45,6,0,6
BRDA:45,6,1,6
BRDA:50,7,0,0
BRDA:50,7,1,0
BRDA:55,8,0,0
BRDA:55,8,1,0
BRDA:55,9,0,0
BRDA:55,9,1,0
BRDA:55,10,0,0
BRDA:55,10,1,0
BRDA:57,11,0,0
BRDA:57,11,1,0
BRDA:57,12,0,0
BRDA:57,12,1,0
BRDA:57,13,0,0
BRDA:57,13,1,0
BRDA:57,14,0,0
BRDA:57,14,1,0
BRDA:57,15,0,0
BRDA:57,15,1,0
BRDA:63,16,0,0
BRDA:63,16,1,0
BRDA:63,17,0,0
BRDA:63,17,1,0
BRDA:63,18,0,0
BRDA:63,18,1,0
BRDA:108,19,0,0
BRDA:108,19,1,1
BRDA:108,20,0,1
BRDA:108,20,1,0
BRDA:113,21,0,0
BRDA:113,21,1,0
BRDA:113,22,0,0
BRDA:113,22,1,0
BRDA:145,23,0,0
BRDA:145,23,1,0
BRDA:154,24,0,0
BRDA:154,24,1,0
BRDA:154,25,0,0
BRDA:154,25,1,0
BRDA:154,26,0,0
BRDA:154,26,1,0
BRDA:155,27,0,0
BRDA:155,27,1,0
BRDA:155,28,0,0
BRDA:155,28,1,0
BRDA:155,29,0,0
BRDA:155,29,1,0
BRDA:156,30,0,0
BRDA:156,30,1,0
BRDA:156,31,0,0
BRDA:156,31,1,0
BRDA:156,32,0,0
BRDA:156,32,1,0
BRDA:157,33,0,0
BRDA:157,33,1,0
BRF:68
BRH:11
end_of_record
