TN:
SF:src/lib/api.ts
FN:27,setAuthToken
FN:36,getAuthToken
FN:40,request
FN:80,(anonymous_11)
FN:85,(anonymous_12)
FN:90,(anonymous_13)
FN:91,(anonymous_14)
FN:92,(anonymous_15)
FN:97,(anonymous_16)
FN:98,(anonymous_17)
FN:103,(anonymous_18)
FN:108,(anonymous_19)
FN:110,(anonymous_20)
FN:112,(anonymous_21)
FN:116,(anonymous_22)
FN:117,(anonymous_23)
FN:118,(anonymous_24)
FN:119,(anonymous_25)
FN:124,(anonymous_26)
FN:129,(anonymous_27)
FN:133,(anonymous_28)
FN:138,(anonymous_29)
FN:142,(anonymous_30)
FN:146,(anonymous_31)
FN:151,(anonymous_32)
FN:156,(anonymous_33)
FN:157,(anonymous_34)
FN:161,(anonymous_35)
FN:166,(anonymous_36)
FN:174,(anonymous_37)
FNF:30
FNH:15
FNDA:5,setAuthToken
FNDA:0,getAuthToken
FNDA:31,request
FNDA:5,(anonymous_11)
FNDA:2,(anonymous_12)
FNDA:0,(anonymous_13)
FNDA:0,(anonymous_14)
FNDA:4,(anonymous_15)
FNDA:0,(anonymous_16)
FNDA:5,(anonymous_17)
FNDA:4,(anonymous_18)
FNDA:4,(anonymous_19)
FNDA:1,(anonymous_20)
FNDA:0,(anonymous_21)
FNDA:0,(anonymous_22)
FNDA:0,(anonymous_23)
FNDA:1,(anonymous_24)
FNDA:1,(anonymous_25)
FNDA:0,(anonymous_26)
FNDA:0,(anonymous_27)
FNDA:1,(anonymous_28)
FNDA:1,(anonymous_29)
FNDA:1,(anonymous_30)
FNDA:0,(anonymous_31)
FNDA:0,(anonymous_32)
FNDA:0,(anonymous_33)
FNDA:1,(anonymous_34)
FNDA:0,(anonymous_35)
FNDA:0,(anonymous_36)
FNDA:0,(anonymous_37)
DA:22,13
DA:23,13
DA:25,13
DA:27,13
DA:28,5
DA:29,5
DA:30,5
DA:32,0
DA:36,13
DA:37,0
DA:41,31
DA:50,31
DA:53,0
DA:54,0
DA:56,0
DA:57,0
DA:58,0
DA:59,0
DA:60,0
DA:63,0
DA:64,0
DA:65,0
DA:66,0
DA:68,0
DA:72,31
DA:73,31
DA:75,0
DA:79,13
DA:81,5
DA:86,2
DA:90,0
DA:91,0
DA:93,4
DA:97,0
DA:99,5
DA:104,4
DA:109,4
DA:111,1
DA:113,0
DA:116,0
DA:117,0
DA:118,1
DA:120,1
DA:125,0
DA:130,0
DA:134,1
DA:139,1
DA:143,1
DA:147,0
DA:152,0
DA:156,0
DA:158,1
DA:162,0
DA:167,0
DA:168,0
DA:169,0
DA:170,0
DA:171,0
DA:172,0
DA:174,0
LF:60
LH:26
BRDA:22,0,0,13
BRDA:22,0,1,13
BRDA:29,1,0,5
BRDA:29,1,1,0
BRDA:44,2,0,26
BRDA:44,2,1,5
BRDA:45,3,0,0
BRDA:45,3,1,31
BRDA:45,4,0,31
BRDA:45,4,1,31
BRDA:45,5,0,7
BRDA:45,5,1,24
BRDA:45,6,0,31
BRDA:45,6,1,31
BRDA:50,7,0,0
BRDA:50,7,1,31
BRDA:60,8,0,0
BRDA:60,8,1,0
BRDA:60,9,0,0
BRDA:60,9,1,0
BRDA:60,10,0,0
BRDA:60,10,1,0
BRDA:63,11,0,0
BRDA:63,11,1,0
BRDA:64,12,0,0
BRDA:64,12,1,0
BRDA:64,13,0,0
BRDA:64,13,1,0
BRDA:65,14,0,0
BRDA:65,14,1,0
BRDA:65,15,0,0
BRDA:65,15,1,0
BRDA:68,16,0,0
BRDA:68,16,1,0
BRDA:68,17,0,0
BRDA:68,17,1,0
BRDA:68,18,0,0
BRDA:68,18,1,0
BRDA:75,19,0,0
BRDA:75,19,1,0
BRDA:75,20,0,0
BRDA:75,20,1,0
BRDA:75,21,0,0
BRDA:75,21,1,0
BRDA:122,22,0,0
BRDA:122,22,1,1
BRDA:122,23,0,1
BRDA:122,23,1,0
BRDA:127,24,0,0
BRDA:127,24,1,0
BRDA:127,25,0,0
BRDA:127,25,1,0
BRDA:159,26,0,1
BRDA:159,26,1,0
BRDA:168,27,0,0
BRDA:168,27,1,0
BRDA:168,28,0,0
BRDA:168,28,1,0
BRDA:168,29,0,0
BRDA:168,29,1,0
BRDA:169,30,0,0
BRDA:169,30,1,0
BRDA:169,31,0,0
BRDA:169,31,1,0
BRDA:169,32,0,0
BRDA:169,32,1,0
BRDA:170,33,0,0
BRDA:170,33,1,0
BRDA:170,34,0,0
BRDA:170,34,1,0
BRDA:170,35,0,0
BRDA:170,35,1,0
BRDA:171,36,0,0
BRDA:171,36,1,0
BRF:74
BRH:16
end_of_record
