{"/Users/rodrigoborgia/RB/RB-Strategic-Framework/frontend/src/PDFLanding.tsx": {"path":"/Users/rodrigoborgia/RB/RB-Strategic-Framework/frontend/src/PDFLanding.tsx","statementMap":{"0":{"start":{"line":9,"column":26},"end":{"line":9,"column":38}},"1":{"start":{"line":10,"column":28},"end":{"line":10,"column":40}},"2":{"start":{"line":12,"column":32},"end":{"line":12,"column":47}},"3":{"start":{"line":13,"column":32},"end":{"line":13,"column":47}},"4":{"start":{"line":14,"column":28},"end":{"line":14,"column":40}},"5":{"start":{"line":17,"column":4},"end":{"line":17,"column":27}},"6":{"start":{"line":19,"column":4},"end":{"line":22,"column":5}},"7":{"start":{"line":20,"column":6},"end":{"line":20,"column":55}},"8":{"start":{"line":21,"column":6},"end":{"line":21,"column":13}},"9":{"start":{"line":24,"column":23},"end":{"line":24,"column":51}},"10":{"start":{"line":25,"column":4},"end":{"line":28,"column":5}},"11":{"start":{"line":26,"column":6},"end":{"line":26,"column":53}},"12":{"start":{"line":27,"column":6},"end":{"line":27,"column":13}},"13":{"start":{"line":30,"column":4},"end":{"line":30,"column":17}},"14":{"start":{"line":31,"column":4},"end":{"line":31,"column":21}},"15":{"start":{"line":33,"column":4},"end":{"line":75,"column":5}},"16":{"start":{"line":34,"column":6},"end":{"line":37,"column":9}},"17":{"start":{"line":39,"column":6},"end":{"line":43,"column":8}},"18":{"start":{"line":45,"column":6},"end":{"line":48,"column":9}},"19":{"start":{"line":51,"column":6},"end":{"line":58,"column":7}},"20":{"start":{"line":52,"column":8},"end":{"line":57,"column":11}},"21":{"start":{"line":60,"column":6},"end":{"line":60,"column":23}},"22":{"start":{"line":61,"column":6},"end":{"line":61,"column":18}},"23":{"start":{"line":62,"column":6},"end":{"line":62,"column":19}},"24":{"start":{"line":64,"column":27},"end":{"line":64,"column":125}},"25":{"start":{"line":65,"column":6},"end":{"line":65,"column":29}},"26":{"start":{"line":66,"column":6},"end":{"line":69,"column":9}},"27":{"start":{"line":70,"column":6},"end":{"line":70,"column":53}},"28":{"start":{"line":72,"column":6},"end":{"line":72,"column":60}},"29":{"start":{"line":74,"column":6},"end":{"line":74,"column":24}},"30":{"start":{"line":79,"column":4},"end":{"line":79,"column":61}},"31":{"start":{"line":82,"column":4},"end":{"line":87,"column":5}},"32":{"start":{"line":83,"column":6},"end":{"line":86,"column":9}},"33":{"start":{"line":90,"column":4},"end":{"line":90,"column":239}},"34":{"start":{"line":93,"column":2},"end":{"line":269,"column":4}},"35":{"start":{"line":104,"column":30},"end":{"line":104,"column":69}},"36":{"start":{"line":126,"column":16},"end":{"line":129,"column":18}},"37":{"start":{"line":184,"column":39},"end":{"line":184,"column":62}},"38":{"start":{"line":198,"column":39},"end":{"line":198,"column":63}}},"fnMap":{"0":{"name":"PDFLanding","decl":{"start":{"line":8,"column":24},"end":{"line":8,"column":34}},"loc":{"start":{"line":8,"column":37},"end":{"line":270,"column":1}},"line":8},"1":{"name":"handleSubmitPDF","decl":{"start":{"line":16,"column":17},"end":{"line":16,"column":32}},"loc":{"start":{"line":16,"column":68},"end":{"line":76,"column":3}},"line":16},"2":{"name":"handleScheduleConsultation","decl":{"start":{"line":78,"column":11},"end":{"line":78,"column":37}},"loc":{"start":{"line":78,"column":40},"end":{"line":91,"column":3}},"line":78},"3":{"name":"(anonymous_3)","decl":{"start":{"line":104,"column":23},"end":{"line":104,"column":24}},"loc":{"start":{"line":104,"column":28},"end":{"line":104,"column":71}},"line":104},"4":{"name":"(anonymous_4)","decl":{"start":{"line":125,"column":23},"end":{"line":125,"column":24}},"loc":{"start":{"line":126,"column":16},"end":{"line":129,"column":18}},"line":126},"5":{"name":"(anonymous_5)","decl":{"start":{"line":184,"column":32},"end":{"line":184,"column":33}},"loc":{"start":{"line":184,"column":39},"end":{"line":184,"column":62}},"line":184},"6":{"name":"(anonymous_6)","decl":{"start":{"line":198,"column":32},"end":{"line":198,"column":33}},"loc":{"start":{"line":198,"column":39},"end":{"line":198,"column":63}},"line":198}},"branchMap":{"0":{"loc":{"start":{"line":19,"column":4},"end":{"line":22,"column":5}},"type":"if","locations":[{"start":{"line":19,"column":4},"end":{"line":22,"column":5}},{"start":{},"end":{}}],"line":19},"1":{"loc":{"start":{"line":19,"column":8},"end":{"line":19,"column":37}},"type":"binary-expr","locations":[{"start":{"line":19,"column":8},"end":{"line":19,"column":20}},{"start":{"line":19,"column":24},"end":{"line":19,"column":37}}],"line":19},"2":{"loc":{"start":{"line":25,"column":4},"end":{"line":28,"column":5}},"type":"if","locations":[{"start":{"line":25,"column":4},"end":{"line":28,"column":5}},{"start":{},"end":{}}],"line":25},"3":{"loc":{"start":{"line":51,"column":6},"end":{"line":58,"column":7}},"type":"if","locations":[{"start":{"line":51,"column":6},"end":{"line":58,"column":7}},{"start":{},"end":{}}],"line":51},"4":{"loc":{"start":{"line":51,"column":10},"end":{"line":51,"column":108}},"type":"binary-expr","locations":[{"start":{"line":51,"column":10},"end":{"line":51,"column":39}},{"start":{"line":51,"column":43},"end":{"line":51,"column":108}}],"line":51},"5":{"loc":{"start":{"line":64,"column":27},"end":{"line":64,"column":125}},"type":"cond-expr","locations":[{"start":{"line":64,"column":50},"end":{"line":64,"column":61}},{"start":{"line":64,"column":64},"end":{"line":64,"column":125}}],"line":64},"6":{"loc":{"start":{"line":82,"column":4},"end":{"line":87,"column":5}},"type":"if","locations":[{"start":{"line":82,"column":4},"end":{"line":87,"column":5}},{"start":{},"end":{}}],"line":82},"7":{"loc":{"start":{"line":82,"column":8},"end":{"line":82,"column":106}},"type":"binary-expr","locations":[{"start":{"line":82,"column":8},"end":{"line":82,"column":37}},{"start":{"line":82,"column":41},"end":{"line":82,"column":106}}],"line":82},"8":{"loc":{"start":{"line":100,"column":19},"end":{"line":100,"column":34}},"type":"binary-expr","locations":[{"start":{"line":100,"column":19},"end":{"line":100,"column":28}},{"start":{"line":100,"column":32},"end":{"line":100,"column":34}}],"line":100},"9":{"loc":{"start":{"line":168,"column":13},"end":{"line":229,"column":13}},"type":"cond-expr","locations":[{"start":{"line":169,"column":14},"end":{"line":217,"column":17}},{"start":{"line":219,"column":14},"end":{"line":228,"column":20}}],"line":168},"10":{"loc":{"start":{"line":205,"column":19},"end":{"line":207,"column":19}},"type":"binary-expr","locations":[{"start":{"line":205,"column":19},"end":{"line":205,"column":24}},{"start":{"line":206,"column":20},"end":{"line":206,"column":60}}],"line":205},"11":{"loc":{"start":{"line":214,"column":21},"end":{"line":214,"column":94}},"type":"cond-expr","locations":[{"start":{"line":214,"column":31},"end":{"line":214,"column":67}},{"start":{"line":214,"column":70},"end":{"line":214,"column":94}}],"line":214}},"s":{"0":17,"1":17,"2":17,"3":17,"4":17,"5":1,"6":1,"7":0,"8":0,"9":1,"10":1,"11":0,"12":0,"13":1,"14":1,"15":1,"16":1,"17":1,"18":1,"19":1,"20":0,"21":1,"22":1,"23":1,"24":0,"25":0,"26":0,"27":0,"28":0,"29":1,"30":0,"31":0,"32":0,"33":0,"34":17,"35":0,"36":0,"37":3,"38":3},"f":{"0":17,"1":1,"2":0,"3":0,"4":0,"5":3,"6":3},"b":{"0":[0,1],"1":[1,1],"2":[0,1],"3":[0,1],"4":[1,1],"5":[0,0],"6":[0,0],"7":[0,0],"8":[17,0],"9":[16,1],"10":[16,0],"11":[1,15]},"_coverageSchema":"1a1c01bbd47fc00a2c39e90264f33305004495a9","hash":"468ec69b7e9400caa78f73e10c0d55d24f0d3966"}
,"/Users/rodrigoborgia/RB/RB-Strategic-Framework/frontend/src/components/AnimatedCounter.tsx": {"path":"/Users/rodrigoborgia/RB/RB-Strategic-Framework/frontend/src/components/AnimatedCounter.tsx","statementMap":{"0":{"start":{"line":3,"column":31},"end":{"line":32,"column":1}},"1":{"start":{"line":10,"column":28},"end":{"line":10,"column":39}},"2":{"start":{"line":11,"column":2},"end":{"line":25,"column":14}},"3":{"start":{"line":12,"column":16},"end":{"line":12,"column":17}},"4":{"start":{"line":13,"column":16},"end":{"line":13,"column":21}},"5":{"start":{"line":14,"column":4},"end":{"line":14,"column":30}},"6":{"start":{"line":14,"column":23},"end":{"line":14,"column":30}},"7":{"start":{"line":15,"column":22},"end":{"line":15,"column":39}},"8":{"start":{"line":16,"column":18},"end":{"line":23,"column":10}},"9":{"start":{"line":17,"column":6},"end":{"line":17,"column":25}},"10":{"start":{"line":18,"column":6},"end":{"line":21,"column":7}},"11":{"start":{"line":19,"column":8},"end":{"line":19,"column":20}},"12":{"start":{"line":20,"column":8},"end":{"line":20,"column":29}},"13":{"start":{"line":22,"column":6},"end":{"line":22,"column":22}},"14":{"start":{"line":24,"column":4},"end":{"line":24,"column":38}},"15":{"start":{"line":24,"column":17},"end":{"line":24,"column":37}},"16":{"start":{"line":26,"column":2},"end":{"line":31,"column":4}}},"fnMap":{"0":{"name":"(anonymous_0)","decl":{"start":{"line":3,"column":31},"end":{"line":3,"column":32}},"loc":{"start":{"line":9,"column":6},"end":{"line":32,"column":1}},"line":9},"1":{"name":"(anonymous_1)","decl":{"start":{"line":11,"column":12},"end":{"line":11,"column":13}},"loc":{"start":{"line":11,"column":18},"end":{"line":25,"column":3}},"line":11},"2":{"name":"(anonymous_2)","decl":{"start":{"line":16,"column":30},"end":{"line":16,"column":31}},"loc":{"start":{"line":16,"column":36},"end":{"line":23,"column":5}},"line":16},"3":{"name":"(anonymous_3)","decl":{"start":{"line":24,"column":11},"end":{"line":24,"column":12}},"loc":{"start":{"line":24,"column":17},"end":{"line":24,"column":37}},"line":24}},"branchMap":{"0":{"loc":{"start":{"line":14,"column":4},"end":{"line":14,"column":30}},"type":"if","locations":[{"start":{"line":14,"column":4},"end":{"line":14,"column":30}},{"start":{},"end":{}}],"line":14},"1":{"loc":{"start":{"line":15,"column":22},"end":{"line":15,"column":39}},"type":"cond-expr","locations":[{"start":{"line":15,"column":34},"end":{"line":15,"column":35}},{"start":{"line":15,"column":38},"end":{"line":15,"column":39}}],"line":15},"2":{"loc":{"start":{"line":18,"column":6},"end":{"line":21,"column":7}},"type":"if","locations":[{"start":{"line":18,"column":6},"end":{"line":21,"column":7}},{"start":{},"end":{}}],"line":18}},"s":{"0":1,"1":2,"2":2,"3":2,"4":2,"5":2,"6":0,"7":2,"8":2,"9":0,"10":0,"11":0,"12":0,"13":0,"14":2,"15":2,"16":2},"f":{"0":2,"1":2,"2":0,"3":2},"b":{"0":[0,2],"1":[1,1],"2":[0,0]},"_coverageSchema":"1a1c01bbd47fc00a2c39e90264f33305004495a9","hash":"32aebb8e330825d5eba7540562c0985d3829c18f"}
,"/Users/rodrigoborgia/RB/RB-Strategic-Framework/frontend/src/components/AuthorityBlocks.tsx": {"path":"/Users/rodrigoborgia/RB/RB-Strategic-Framework/frontend/src/components/AuthorityBlocks.tsx","statementMap":{"0":{"start":{"line":4,"column":30},"end":{"line":38,"column":1}},"1":{"start":{"line":5,"column":2},"end":{"line":37,"column":12}},"2":{"start":{"line":40,"column":30},"end":{"line":62,"column":1}},"3":{"start":{"line":41,"column":2},"end":{"line":61,"column":12}}},"fnMap":{"0":{"name":"(anonymous_0)","decl":{"start":{"line":4,"column":30},"end":{"line":4,"column":31}},"loc":{"start":{"line":5,"column":2},"end":{"line":37,"column":12}},"line":5},"1":{"name":"(anonymous_1)","decl":{"start":{"line":40,"column":30},"end":{"line":40,"column":31}},"loc":{"start":{"line":41,"column":2},"end":{"line":61,"column":12}},"line":41}},"branchMap":{},"s":{"0":1,"1":1,"2":1,"3":0},"f":{"0":1,"1":0},"b":{},"_coverageSchema":"1a1c01bbd47fc00a2c39e90264f33305004495a9","hash":"6f0bae657dca4d1bd3d86aa6a28a238db56545af"}
,"/Users/rodrigoborgia/RB/RB-Strategic-Framework/frontend/src/components/LandingBlocks.tsx": {"path":"/Users/rodrigoborgia/RB/RB-Strategic-Framework/frontend/src/components/LandingBlocks.tsx","statementMap":{"0":{"start":{"line":6,"column":33},"end":{"line":31,"column":1}},"1":{"start":{"line":7,"column":2},"end":{"line":30,"column":12}},"2":{"start":{"line":34,"column":32},"end":{"line":48,"column":1}},"3":{"start":{"line":35,"column":2},"end":{"line":47,"column":12}},"4":{"start":{"line":50,"column":35},"end":{"line":66,"column":1}},"5":{"start":{"line":51,"column":2},"end":{"line":65,"column":12}},"6":{"start":{"line":69,"column":33},"end":{"line":120,"column":1}},"7":{"start":{"line":70,"column":2},"end":{"line":119,"column":12}},"8":{"start":{"line":122,"column":30},"end":{"line":168,"column":1}},"9":{"start":{"line":123,"column":2},"end":{"line":167,"column":12}},"10":{"start":{"line":171,"column":28},"end":{"line":260,"column":1}},"11":{"start":{"line":172,"column":26},"end":{"line":172,"column":38}},"12":{"start":{"line":173,"column":28},"end":{"line":173,"column":40}},"13":{"start":{"line":174,"column":26},"end":{"line":174,"column":41}},"14":{"start":{"line":175,"column":28},"end":{"line":175,"column":40}},"15":{"start":{"line":178,"column":4},"end":{"line":178,"column":23}},"16":{"start":{"line":179,"column":4},"end":{"line":182,"column":5}},"17":{"start":{"line":180,"column":6},"end":{"line":180,"column":51}},"18":{"start":{"line":181,"column":6},"end":{"line":181,"column":13}},"19":{"start":{"line":183,"column":4},"end":{"line":183,"column":17}},"20":{"start":{"line":184,"column":4},"end":{"line":184,"column":40}},"21":{"start":{"line":185,"column":4},"end":{"line":185,"column":18}},"22":{"start":{"line":186,"column":4},"end":{"line":186,"column":16}},"23":{"start":{"line":187,"column":4},"end":{"line":187,"column":17}},"24":{"start":{"line":190,"column":2},"end":{"line":203,"column":3}},"25":{"start":{"line":191,"column":4},"end":{"line":202,"column":6}},"26":{"start":{"line":205,"column":2},"end":{"line":259,"column":4}},"27":{"start":{"line":220,"column":27},"end":{"line":220,"column":50}},"28":{"start":{"line":234,"column":27},"end":{"line":234,"column":51}},"29":{"start":{"line":263,"column":30},"end":{"line":294,"column":1}},"30":{"start":{"line":264,"column":2},"end":{"line":293,"column":12}},"31":{"start":{"line":296,"column":27},"end":{"line":326,"column":1}},"32":{"start":{"line":297,"column":2},"end":{"line":325,"column":12}},"33":{"start":{"line":328,"column":30},"end":{"line":328,"column":71}},"34":{"start":{"line":328,"column":36},"end":{"line":328,"column":71}},"35":{"start":{"line":330,"column":35},"end":{"line":342,"column":1}},"36":{"start":{"line":331,"column":2},"end":{"line":341,"column":12}},"37":{"start":{"line":345,"column":32},"end":{"line":373,"column":1}},"38":{"start":{"line":346,"column":2},"end":{"line":372,"column":12}}},"fnMap":{"0":{"name":"(anonymous_0)","decl":{"start":{"line":6,"column":33},"end":{"line":6,"column":34}},"loc":{"start":{"line":7,"column":2},"end":{"line":30,"column":12}},"line":7},"1":{"name":"(anonymous_1)","decl":{"start":{"line":34,"column":32},"end":{"line":34,"column":33}},"loc":{"start":{"line":35,"column":2},"end":{"line":47,"column":12}},"line":35},"2":{"name":"(anonymous_2)","decl":{"start":{"line":50,"column":35},"end":{"line":50,"column":36}},"loc":{"start":{"line":51,"column":2},"end":{"line":65,"column":12}},"line":51},"3":{"name":"(anonymous_3)","decl":{"start":{"line":69,"column":33},"end":{"line":69,"column":34}},"loc":{"start":{"line":70,"column":2},"end":{"line":119,"column":12}},"line":70},"4":{"name":"(anonymous_4)","decl":{"start":{"line":122,"column":30},"end":{"line":122,"column":31}},"loc":{"start":{"line":123,"column":2},"end":{"line":167,"column":12}},"line":123},"5":{"name":"(anonymous_5)","decl":{"start":{"line":171,"column":28},"end":{"line":171,"column":29}},"loc":{"start":{"line":171,"column":34},"end":{"line":260,"column":1}},"line":171},"6":{"name":"handleSubmit","decl":{"start":{"line":177,"column":11},"end":{"line":177,"column":23}},"loc":{"start":{"line":177,"column":44},"end":{"line":188,"column":3}},"line":177},"7":{"name":"(anonymous_7)","decl":{"start":{"line":220,"column":20},"end":{"line":220,"column":21}},"loc":{"start":{"line":220,"column":27},"end":{"line":220,"column":50}},"line":220},"8":{"name":"(anonymous_8)","decl":{"start":{"line":234,"column":20},"end":{"line":234,"column":21}},"loc":{"start":{"line":234,"column":27},"end":{"line":234,"column":51}},"line":234},"9":{"name":"(anonymous_9)","decl":{"start":{"line":263,"column":30},"end":{"line":263,"column":31}},"loc":{"start":{"line":264,"column":2},"end":{"line":293,"column":12}},"line":264},"10":{"name":"(anonymous_10)","decl":{"start":{"line":296,"column":27},"end":{"line":296,"column":28}},"loc":{"start":{"line":297,"column":2},"end":{"line":325,"column":12}},"line":297},"11":{"name":"(anonymous_11)","decl":{"start":{"line":328,"column":30},"end":{"line":328,"column":31}},"loc":{"start":{"line":328,"column":36},"end":{"line":328,"column":71}},"line":328},"12":{"name":"(anonymous_12)","decl":{"start":{"line":330,"column":35},"end":{"line":330,"column":36}},"loc":{"start":{"line":331,"column":2},"end":{"line":341,"column":12}},"line":331},"13":{"name":"(anonymous_13)","decl":{"start":{"line":345,"column":32},"end":{"line":345,"column":33}},"loc":{"start":{"line":346,"column":2},"end":{"line":372,"column":12}},"line":346}},"branchMap":{"0":{"loc":{"start":{"line":179,"column":4},"end":{"line":182,"column":5}},"type":"if","locations":[{"start":{"line":179,"column":4},"end":{"line":182,"column":5}},{"start":{},"end":{}}],"line":179},"1":{"loc":{"start":{"line":179,"column":8},"end":{"line":179,"column":37}},"type":"binary-expr","locations":[{"start":{"line":179,"column":8},"end":{"line":179,"column":20}},{"start":{"line":179,"column":24},"end":{"line":179,"column":37}}],"line":179},"2":{"loc":{"start":{"line":190,"column":2},"end":{"line":203,"column":3}},"type":"if","locations":[{"start":{"line":190,"column":2},"end":{"line":203,"column":3}},{"start":{},"end":{}}],"line":190},"3":{"loc":{"start":{"line":244,"column":7},"end":{"line":246,"column":7}},"type":"binary-expr","locations":[{"start":{"line":244,"column":7},"end":{"line":244,"column":12}},{"start":{"line":245,"column":8},"end":{"line":245,"column":72}}],"line":244}},"s":{"0":2,"1":3,"2":2,"3":0,"4":2,"5":0,"6":2,"7":0,"8":2,"9":0,"10":2,"11":0,"12":0,"13":0,"14":0,"15":0,"16":0,"17":0,"18":0,"19":0,"20":0,"21":0,"22":0,"23":0,"24":0,"25":0,"26":0,"27":0,"28":0,"29":2,"30":0,"31":2,"32":0,"33":2,"34":0,"35":2,"36":0,"37":2,"38":0},"f":{"0":3,"1":0,"2":0,"3":0,"4":0,"5":0,"6":0,"7":0,"8":0,"9":0,"10":0,"11":0,"12":0,"13":0},"b":{"0":[0,0],"1":[0,0],"2":[0,0],"3":[0,0]},"_coverageSchema":"1a1c01bbd47fc00a2c39e90264f33305004495a9","hash":"6b6a1351ec390e30c1271330bc08a3a49412915f"}
,"/Users/rodrigoborgia/RB/RB-Strategic-Framework/frontend/src/components/Testimonials.tsx": {"path":"/Users/rodrigoborgia/RB/RB-Strategic-Framework/frontend/src/components/Testimonials.tsx","statementMap":{"0":{"start":{"line":10,"column":36},"end":{"line":30,"column":1}},"1":{"start":{"line":33,"column":42},"end":{"line":33,"column":53}},"2":{"start":{"line":35,"column":19},"end":{"line":39,"column":3}},"3":{"start":{"line":36,"column":4},"end":{"line":38,"column":6}},"4":{"start":{"line":37,"column":6},"end":{"line":37,"column":53}},"5":{"start":{"line":41,"column":19},"end":{"line":45,"column":3}},"6":{"start":{"line":42,"column":4},"end":{"line":44,"column":6}},"7":{"start":{"line":43,"column":6},"end":{"line":43,"column":53}},"8":{"start":{"line":47,"column":2},"end":{"line":119,"column":4}},"9":{"start":{"line":57,"column":12},"end":{"line":66,"column":18}},"10":{"start":{"line":108,"column":14},"end":{"line":113,"column":16}},"11":{"start":{"line":111,"column":31},"end":{"line":111,"column":53}}},"fnMap":{"0":{"name":"Testimonials","decl":{"start":{"line":32,"column":24},"end":{"line":32,"column":36}},"loc":{"start":{"line":32,"column":39},"end":{"line":120,"column":1}},"line":32},"1":{"name":"(anonymous_1)","decl":{"start":{"line":35,"column":19},"end":{"line":35,"column":20}},"loc":{"start":{"line":35,"column":25},"end":{"line":39,"column":3}},"line":35},"2":{"name":"(anonymous_2)","decl":{"start":{"line":36,"column":20},"end":{"line":36,"column":21}},"loc":{"start":{"line":37,"column":6},"end":{"line":37,"column":53}},"line":37},"3":{"name":"(anonymous_3)","decl":{"start":{"line":41,"column":19},"end":{"line":41,"column":20}},"loc":{"start":{"line":41,"column":25},"end":{"line":45,"column":3}},"line":41},"4":{"name":"(anonymous_4)","decl":{"start":{"line":42,"column":20},"end":{"line":42,"column":21}},"loc":{"start":{"line":43,"column":6},"end":{"line":43,"column":53}},"line":43},"5":{"name":"(anonymous_5)","decl":{"start":{"line":56,"column":28},"end":{"line":56,"column":29}},"loc":{"start":{"line":57,"column":12},"end":{"line":66,"column":18}},"line":57},"6":{"name":"(anonymous_6)","decl":{"start":{"line":107,"column":30},"end":{"line":107,"column":31}},"loc":{"start":{"line":108,"column":14},"end":{"line":113,"column":16}},"line":108},"7":{"name":"(anonymous_7)","decl":{"start":{"line":111,"column":25},"end":{"line":111,"column":26}},"loc":{"start":{"line":111,"column":31},"end":{"line":111,"column":53}},"line":111}},"branchMap":{"0":{"loc":{"start":{"line":37,"column":6},"end":{"line":37,"column":53}},"type":"cond-expr","locations":[{"start":{"line":37,"column":19},"end":{"line":37,"column":42}},{"start":{"line":37,"column":45},"end":{"line":37,"column":53}}],"line":37},"1":{"loc":{"start":{"line":43,"column":6},"end":{"line":43,"column":53}},"type":"cond-expr","locations":[{"start":{"line":43,"column":41},"end":{"line":43,"column":42}},{"start":{"line":43,"column":45},"end":{"line":43,"column":53}}],"line":43},"2":{"loc":{"start":{"line":59,"column":45},"end":{"line":59,"column":101}},"type":"cond-expr","locations":[{"start":{"line":59,"column":71},"end":{"line":59,"column":96}},{"start":{"line":59,"column":99},"end":{"line":59,"column":101}}],"line":59},"3":{"loc":{"start":{"line":82,"column":45},"end":{"line":82,"column":116}},"type":"cond-expr","locations":[{"start":{"line":82,"column":86},"end":{"line":82,"column":111}},{"start":{"line":82,"column":114},"end":{"line":82,"column":116}}],"line":82},"4":{"loc":{"start":{"line":110,"column":34},"end":{"line":110,"column":72}},"type":"cond-expr","locations":[{"start":{"line":110,"column":59},"end":{"line":110,"column":67}},{"start":{"line":110,"column":70},"end":{"line":110,"column":72}}],"line":110}},"s":{"0":2,"1":17,"2":17,"3":0,"4":0,"5":17,"6":0,"7":0,"8":17,"9":51,"10":51,"11":0},"f":{"0":17,"1":0,"2":0,"3":0,"4":0,"5":51,"6":51,"7":0},"b":{"0":[0,0],"1":[0,0],"2":[17,34],"3":[0,17],"4":[17,34]},"_coverageSchema":"1a1c01bbd47fc00a2c39e90264f33305004495a9","hash":"eaea9f245e205591b764aed5da3bf2a6b839cd1d"}
,"/Users/rodrigoborgia/RB/RB-Strategic-Framework/frontend/src/lib/analytics.ts": {"path":"/Users/rodrigoborgia/RB/RB-Strategic-Framework/frontend/src/lib/analytics.ts","statementMap":{"0":{"start":{"line":21,"column":26},"end":{"line":32,"column":1}},"1":{"start":{"line":43,"column":2},"end":{"line":46,"column":3}},"2":{"start":{"line":44,"column":4},"end":{"line":44,"column":57}},"3":{"start":{"line":45,"column":4},"end":{"line":45,"column":11}},"4":{"start":{"line":48,"column":2},"end":{"line":56,"column":3}},"5":{"start":{"line":49,"column":4},"end":{"line":52,"column":7}},"6":{"start":{"line":53,"column":4},"end":{"line":53,"column":53}},"7":{"start":{"line":55,"column":4},"end":{"line":55,"column":69}},"8":{"start":{"line":63,"column":2},"end":{"line":66,"column":5}},"9":{"start":{"line":74,"column":20},"end":{"line":74,"column":48}},"10":{"start":{"line":75,"column":2},"end":{"line":78,"column":5}},"11":{"start":{"line":85,"column":2},"end":{"line":88,"column":5}},"12":{"start":{"line":95,"column":2},"end":{"line":99,"column":5}},"13":{"start":{"line":106,"column":2},"end":{"line":110,"column":5}},"14":{"start":{"line":117,"column":2},"end":{"line":120,"column":5}},"15":{"start":{"line":127,"column":2},"end":{"line":131,"column":5}},"16":{"start":{"line":138,"column":2},"end":{"line":142,"column":5}},"17":{"start":{"line":149,"column":2},"end":{"line":152,"column":5}}},"fnMap":{"0":{"name":"trackEvent","decl":{"start":{"line":39,"column":16},"end":{"line":39,"column":26}},"loc":{"start":{"line":42,"column":2},"end":{"line":57,"column":1}},"line":42},"1":{"name":"trackDemoModalViewed","decl":{"start":{"line":62,"column":16},"end":{"line":62,"column":36}},"loc":{"start":{"line":62,"column":39},"end":{"line":67,"column":1}},"line":62},"2":{"name":"trackDemoStarted","decl":{"start":{"line":73,"column":16},"end":{"line":73,"column":32}},"loc":{"start":{"line":73,"column":48},"end":{"line":79,"column":1}},"line":73},"3":{"name":"trackAsesoriaModalViewed","decl":{"start":{"line":84,"column":16},"end":{"line":84,"column":40}},"loc":{"start":{"line":84,"column":43},"end":{"line":89,"column":1}},"line":84},"4":{"name":"trackAsesoriaSubmitted","decl":{"start":{"line":94,"column":16},"end":{"line":94,"column":38}},"loc":{"start":{"line":94,"column":55},"end":{"line":100,"column":1}},"line":94},"5":{"name":"trackWhatsappLead","decl":{"start":{"line":105,"column":16},"end":{"line":105,"column":33}},"loc":{"start":{"line":105,"column":68},"end":{"line":111,"column":1}},"line":105},"6":{"name":"trackProtocolo48hSubmitted","decl":{"start":{"line":116,"column":16},"end":{"line":116,"column":42}},"loc":{"start":{"line":116,"column":45},"end":{"line":121,"column":1}},"line":116},"7":{"name":"trackSessionBooked","decl":{"start":{"line":126,"column":16},"end":{"line":126,"column":34}},"loc":{"start":{"line":126,"column":71},"end":{"line":132,"column":1}},"line":126},"8":{"name":"trackError","decl":{"start":{"line":137,"column":16},"end":{"line":137,"column":26}},"loc":{"start":{"line":137,"column":67},"end":{"line":143,"column":1}},"line":137},"9":{"name":"trackPageView","decl":{"start":{"line":148,"column":16},"end":{"line":148,"column":29}},"loc":{"start":{"line":148,"column":68},"end":{"line":153,"column":1}},"line":148}},"branchMap":{"0":{"loc":{"start":{"line":43,"column":2},"end":{"line":46,"column":3}},"type":"if","locations":[{"start":{"line":43,"column":2},"end":{"line":46,"column":3}},{"start":{},"end":{}}],"line":43},"1":{"loc":{"start":{"line":43,"column":6},"end":{"line":43,"column":51}},"type":"binary-expr","locations":[{"start":{"line":43,"column":6},"end":{"line":43,"column":35}},{"start":{"line":43,"column":39},"end":{"line":43,"column":51}}],"line":43},"2":{"loc":{"start":{"line":151,"column":16},"end":{"line":151,"column":43}},"type":"binary-expr","locations":[{"start":{"line":151,"column":16},"end":{"line":151,"column":25}},{"start":{"line":151,"column":29},"end":{"line":151,"column":43}}],"line":151}},"s":{"0":4,"1":0,"2":0,"3":0,"4":0,"5":0,"6":0,"7":0,"8":0,"9":0,"10":0,"11":0,"12":0,"13":0,"14":0,"15":0,"16":0,"17":0},"f":{"0":0,"1":0,"2":0,"3":0,"4":0,"5":0,"6":0,"7":0,"8":0,"9":0},"b":{"0":[0,0],"1":[0,0],"2":[0,0]},"_coverageSchema":"1a1c01bbd47fc00a2c39e90264f33305004495a9","hash":"e5dd72d47d8a545f7e8c332ce8425817e6f542b7"}
,"/Users/rodrigoborgia/RB/RB-Strategic-Framework/frontend/src/lib/api.ts": {"path":"/Users/rodrigoborgia/RB/RB-Strategic-Framework/frontend/src/lib/api.ts","statementMap":{"0":{"start":{"line":29,"column":19},"end":{"line":57,"column":1}},"1":{"start":{"line":32,"column":2},"end":{"line":34,"column":3}},"2":{"start":{"line":33,"column":4},"end":{"line":33,"column":35}},"3":{"start":{"line":37,"column":2},"end":{"line":42,"column":3}},"4":{"start":{"line":41,"column":4},"end":{"line":41,"column":35}},"5":{"start":{"line":45,"column":19},"end":{"line":45,"column":50}},"6":{"start":{"line":48,"column":2},"end":{"line":53,"column":3}},"7":{"start":{"line":52,"column":4},"end":{"line":52,"column":39}},"8":{"start":{"line":56,"column":2},"end":{"line":56,"column":33}},"9":{"start":{"line":59,"column":23},"end":{"line":59,"column":38}},"10":{"start":{"line":61,"column":16},"end":{"line":61,"column":52}},"11":{"start":{"line":64,"column":2},"end":{"line":64,"column":20}},"12":{"start":{"line":65,"column":2},"end":{"line":69,"column":3}},"13":{"start":{"line":66,"column":4},"end":{"line":66,"column":48}},"14":{"start":{"line":68,"column":4},"end":{"line":68,"column":44}},"15":{"start":{"line":73,"column":2},"end":{"line":73,"column":19}},"16":{"start":{"line":77,"column":19},"end":{"line":77,"column":31}},"17":{"start":{"line":78,"column":19},"end":{"line":85,"column":4}},"18":{"start":{"line":87,"column":2},"end":{"line":102,"column":3}},"19":{"start":{"line":88,"column":23},"end":{"line":88,"column":49}},"20":{"start":{"line":89,"column":4},"end":{"line":100,"column":5}},"21":{"start":{"line":90,"column":19},"end":{"line":90,"column":40}},"22":{"start":{"line":91,"column":24},"end":{"line":91,"column":36}},"23":{"start":{"line":92,"column":6},"end":{"line":94,"column":7}},"24":{"start":{"line":93,"column":8},"end":{"line":93,"column":50}},"25":{"start":{"line":95,"column":6},"end":{"line":95,"column":144}},"26":{"start":{"line":98,"column":6},"end":{"line":98,"column":120}},"27":{"start":{"line":99,"column":6},"end":{"line":99,"column":67}},"28":{"start":{"line":101,"column":4},"end":{"line":101,"column":34}},"29":{"start":{"line":104,"column":2},"end":{"line":110,"column":3}},"30":{"start":{"line":105,"column":4},"end":{"line":105,"column":49}},"31":{"start":{"line":107,"column":4},"end":{"line":109,"column":6}},"32":{"start":{"line":113,"column":19},"end":{"line":303,"column":1}},"33":{"start":{"line":115,"column":4},"end":{"line":118,"column":6}},"34":{"start":{"line":124,"column":4},"end":{"line":127,"column":6}},"35":{"start":{"line":129,"column":4},"end":{"line":132,"column":6}},"36":{"start":{"line":139,"column":4},"end":{"line":142,"column":6}},"37":{"start":{"line":144,"column":4},"end":{"line":147,"column":6}},"38":{"start":{"line":149,"column":4},"end":{"line":152,"column":6}},"39":{"start":{"line":158,"column":4},"end":{"line":164,"column":5}},"40":{"start":{"line":165,"column":12},"end":{"line":165,"column":48}},"41":{"start":{"line":166,"column":24},"end":{"line":166,"column":68}},"42":{"start":{"line":173,"column":4},"end":{"line":176,"column":6}},"43":{"start":{"line":177,"column":26},"end":{"line":177,"column":69}},"44":{"start":{"line":184,"column":4},"end":{"line":187,"column":6}},"45":{"start":{"line":189,"column":4},"end":{"line":195,"column":5}},"46":{"start":{"line":197,"column":4},"end":{"line":197,"column":70}},"47":{"start":{"line":199,"column":4},"end":{"line":207,"column":58}},"48":{"start":{"line":209,"column":4},"end":{"line":214,"column":5}},"49":{"start":{"line":215,"column":27},"end":{"line":215,"column":73}},"50":{"start":{"line":216,"column":19},"end":{"line":216,"column":56}},"51":{"start":{"line":217,"column":27},"end":{"line":217,"column":64}},"52":{"start":{"line":219,"column":4},"end":{"line":226,"column":6}},"53":{"start":{"line":228,"column":4},"end":{"line":231,"column":6}},"54":{"start":{"line":233,"column":4},"end":{"line":235,"column":6}},"55":{"start":{"line":237,"column":4},"end":{"line":240,"column":6}},"56":{"start":{"line":242,"column":4},"end":{"line":244,"column":6}},"57":{"start":{"line":246,"column":4},"end":{"line":248,"column":6}},"58":{"start":{"line":250,"column":4},"end":{"line":253,"column":6}},"59":{"start":{"line":255,"column":4},"end":{"line":258,"column":6}},"60":{"start":{"line":259,"column":22},"end":{"line":259,"column":71}},"61":{"start":{"line":261,"column":4},"end":{"line":261,"column":65}},"62":{"start":{"line":263,"column":4},"end":{"line":265,"column":5}},"63":{"start":{"line":267,"column":4},"end":{"line":271,"column":5}},"64":{"start":{"line":273,"column":4},"end":{"line":276,"column":6}},"65":{"start":{"line":282,"column":19},"end":{"line":282,"column":40}},"66":{"start":{"line":283,"column":4},"end":{"line":284,"column":65}},"67":{"start":{"line":284,"column":6},"end":{"line":284,"column":65}},"68":{"start":{"line":285,"column":4},"end":{"line":286,"column":56}},"69":{"start":{"line":286,"column":6},"end":{"line":286,"column":56}},"70":{"start":{"line":287,"column":4},"end":{"line":287,"column":78}},"71":{"start":{"line":287,"column":30},"end":{"line":287,"column":78}},"72":{"start":{"line":288,"column":19},"end":{"line":288,"column":67}},"73":{"start":{"line":289,"column":4},"end":{"line":291,"column":6}},"74":{"start":{"line":294,"column":4},"end":{"line":294,"column":65}},"75":{"start":{"line":296,"column":4},"end":{"line":296,"column":70}},"76":{"start":{"line":297,"column":27},"end":{"line":297,"column":79}},"77":{"start":{"line":299,"column":4},"end":{"line":302,"column":6}}},"fnMap":{"0":{"name":"(anonymous_0)","decl":{"start":{"line":29,"column":19},"end":{"line":29,"column":20}},"loc":{"start":{"line":29,"column":25},"end":{"line":57,"column":1}},"line":29},"1":{"name":"setAuthToken","decl":{"start":{"line":63,"column":16},"end":{"line":63,"column":28}},"loc":{"start":{"line":63,"column":51},"end":{"line":70,"column":1}},"line":63},"2":{"name":"getAuthToken","decl":{"start":{"line":72,"column":16},"end":{"line":72,"column":28}},"loc":{"start":{"line":72,"column":46},"end":{"line":74,"column":1}},"line":72},"3":{"name":"request","decl":{"start":{"line":76,"column":15},"end":{"line":76,"column":22}},"loc":{"start":{"line":76,"column":75},"end":{"line":111,"column":1}},"line":76},"4":{"name":"(anonymous_4)","decl":{"start":{"line":114,"column":9},"end":{"line":114,"column":10}},"loc":{"start":{"line":115,"column":4},"end":{"line":118,"column":6}},"line":115},"5":{"name":"(anonymous_5)","decl":{"start":{"line":119,"column":21},"end":{"line":119,"column":22}},"loc":{"start":{"line":124,"column":4},"end":{"line":127,"column":6}},"line":124},"6":{"name":"(anonymous_6)","decl":{"start":{"line":128,"column":19},"end":{"line":128,"column":20}},"loc":{"start":{"line":129,"column":4},"end":{"line":132,"column":6}},"line":129},"7":{"name":"(anonymous_7)","decl":{"start":{"line":133,"column":21},"end":{"line":133,"column":22}},"loc":{"start":{"line":139,"column":4},"end":{"line":142,"column":6}},"line":139},"8":{"name":"(anonymous_8)","decl":{"start":{"line":143,"column":16},"end":{"line":143,"column":17}},"loc":{"start":{"line":144,"column":4},"end":{"line":147,"column":6}},"line":144},"9":{"name":"(anonymous_9)","decl":{"start":{"line":148,"column":15},"end":{"line":148,"column":16}},"loc":{"start":{"line":149,"column":4},"end":{"line":152,"column":6}},"line":149},"10":{"name":"(anonymous_10)","decl":{"start":{"line":153,"column":31},"end":{"line":153,"column":32}},"loc":{"start":{"line":158,"column":4},"end":{"line":164,"column":5}},"line":158},"11":{"name":"(anonymous_11)","decl":{"start":{"line":165,"column":6},"end":{"line":165,"column":7}},"loc":{"start":{"line":165,"column":12},"end":{"line":165,"column":48}},"line":165},"12":{"name":"(anonymous_12)","decl":{"start":{"line":166,"column":18},"end":{"line":166,"column":19}},"loc":{"start":{"line":166,"column":24},"end":{"line":166,"column":68}},"line":166},"13":{"name":"(anonymous_13)","decl":{"start":{"line":167,"column":19},"end":{"line":167,"column":20}},"loc":{"start":{"line":173,"column":4},"end":{"line":176,"column":6}},"line":173},"14":{"name":"(anonymous_14)","decl":{"start":{"line":177,"column":20},"end":{"line":177,"column":21}},"loc":{"start":{"line":177,"column":26},"end":{"line":177,"column":69}},"line":177},"15":{"name":"(anonymous_15)","decl":{"start":{"line":178,"column":21},"end":{"line":178,"column":22}},"loc":{"start":{"line":184,"column":4},"end":{"line":187,"column":6}},"line":184},"16":{"name":"(anonymous_16)","decl":{"start":{"line":188,"column":25},"end":{"line":188,"column":26}},"loc":{"start":{"line":189,"column":4},"end":{"line":195,"column":5}},"line":189},"17":{"name":"(anonymous_17)","decl":{"start":{"line":196,"column":26},"end":{"line":196,"column":27}},"loc":{"start":{"line":197,"column":4},"end":{"line":197,"column":70}},"line":197},"18":{"name":"(anonymous_18)","decl":{"start":{"line":198,"column":24},"end":{"line":198,"column":25}},"loc":{"start":{"line":199,"column":4},"end":{"line":207,"column":58}},"line":199},"19":{"name":"(anonymous_19)","decl":{"start":{"line":208,"column":27},"end":{"line":208,"column":28}},"loc":{"start":{"line":209,"column":4},"end":{"line":214,"column":5}},"line":209},"20":{"name":"(anonymous_20)","decl":{"start":{"line":215,"column":21},"end":{"line":215,"column":22}},"loc":{"start":{"line":215,"column":27},"end":{"line":215,"column":73}},"line":215},"21":{"name":"(anonymous_21)","decl":{"start":{"line":216,"column":13},"end":{"line":216,"column":14}},"loc":{"start":{"line":216,"column":19},"end":{"line":216,"column":56}},"line":216},"22":{"name":"(anonymous_22)","decl":{"start":{"line":217,"column":11},"end":{"line":217,"column":12}},"loc":{"start":{"line":217,"column":27},"end":{"line":217,"column":64}},"line":217},"23":{"name":"(anonymous_23)","decl":{"start":{"line":218,"column":14},"end":{"line":218,"column":15}},"loc":{"start":{"line":219,"column":4},"end":{"line":226,"column":6}},"line":219},"24":{"name":"(anonymous_24)","decl":{"start":{"line":227,"column":26},"end":{"line":227,"column":27}},"loc":{"start":{"line":228,"column":4},"end":{"line":231,"column":6}},"line":228},"25":{"name":"(anonymous_25)","decl":{"start":{"line":232,"column":14},"end":{"line":232,"column":15}},"loc":{"start":{"line":233,"column":4},"end":{"line":235,"column":6}},"line":233},"26":{"name":"(anonymous_26)","decl":{"start":{"line":236,"column":19},"end":{"line":236,"column":20}},"loc":{"start":{"line":237,"column":4},"end":{"line":240,"column":6}},"line":237},"27":{"name":"(anonymous_27)","decl":{"start":{"line":241,"column":15},"end":{"line":241,"column":16}},"loc":{"start":{"line":242,"column":4},"end":{"line":244,"column":6}},"line":242},"28":{"name":"(anonymous_28)","decl":{"start":{"line":245,"column":16},"end":{"line":245,"column":17}},"loc":{"start":{"line":246,"column":4},"end":{"line":248,"column":6}},"line":246},"29":{"name":"(anonymous_29)","decl":{"start":{"line":249,"column":15},"end":{"line":249,"column":16}},"loc":{"start":{"line":250,"column":4},"end":{"line":253,"column":6}},"line":250},"30":{"name":"(anonymous_30)","decl":{"start":{"line":254,"column":13},"end":{"line":254,"column":14}},"loc":{"start":{"line":255,"column":4},"end":{"line":258,"column":6}},"line":255},"31":{"name":"(anonymous_31)","decl":{"start":{"line":259,"column":16},"end":{"line":259,"column":17}},"loc":{"start":{"line":259,"column":22},"end":{"line":259,"column":71}},"line":259},"32":{"name":"(anonymous_32)","decl":{"start":{"line":260,"column":25},"end":{"line":260,"column":26}},"loc":{"start":{"line":261,"column":4},"end":{"line":261,"column":65}},"line":261},"33":{"name":"(anonymous_33)","decl":{"start":{"line":262,"column":30},"end":{"line":262,"column":31}},"loc":{"start":{"line":263,"column":4},"end":{"line":265,"column":5}},"line":263},"34":{"name":"(anonymous_34)","decl":{"start":{"line":266,"column":28},"end":{"line":266,"column":29}},"loc":{"start":{"line":267,"column":4},"end":{"line":271,"column":5}},"line":267},"35":{"name":"(anonymous_35)","decl":{"start":{"line":272,"column":31},"end":{"line":272,"column":32}},"loc":{"start":{"line":273,"column":4},"end":{"line":276,"column":6}},"line":273},"36":{"name":"(anonymous_36)","decl":{"start":{"line":277,"column":30},"end":{"line":277,"column":31}},"loc":{"start":{"line":281,"column":8},"end":{"line":292,"column":3}},"line":281},"37":{"name":"(anonymous_37)","decl":{"start":{"line":293,"column":27},"end":{"line":293,"column":28}},"loc":{"start":{"line":294,"column":4},"end":{"line":294,"column":65}},"line":294},"38":{"name":"(anonymous_38)","decl":{"start":{"line":295,"column":34},"end":{"line":295,"column":35}},"loc":{"start":{"line":296,"column":4},"end":{"line":296,"column":70}},"line":296},"39":{"name":"(anonymous_39)","decl":{"start":{"line":297,"column":21},"end":{"line":297,"column":22}},"loc":{"start":{"line":297,"column":27},"end":{"line":297,"column":79}},"line":297},"40":{"name":"(anonymous_40)","decl":{"start":{"line":298,"column":28},"end":{"line":298,"column":29}},"loc":{"start":{"line":299,"column":4},"end":{"line":302,"column":6}},"line":299}},"branchMap":{"0":{"loc":{"start":{"line":32,"column":2},"end":{"line":34,"column":3}},"type":"if","locations":[{"start":{"line":32,"column":2},"end":{"line":34,"column":3}},{"start":{},"end":{}}],"line":32},"1":{"loc":{"start":{"line":37,"column":2},"end":{"line":42,"column":3}},"type":"if","locations":[{"start":{"line":37,"column":2},"end":{"line":42,"column":3}},{"start":{},"end":{}}],"line":37},"2":{"loc":{"start":{"line":38,"column":4},"end":{"line":39,"column":42}},"type":"binary-expr","locations":[{"start":{"line":38,"column":4},"end":{"line":38,"column":36}},{"start":{"line":39,"column":4},"end":{"line":39,"column":42}}],"line":38},"3":{"loc":{"start":{"line":45,"column":19},"end":{"line":45,"column":50}},"type":"binary-expr","locations":[{"start":{"line":45,"column":19},"end":{"line":45,"column":44}},{"start":{"line":45,"column":48},"end":{"line":45,"column":50}}],"line":45},"4":{"loc":{"start":{"line":48,"column":2},"end":{"line":53,"column":3}},"type":"if","locations":[{"start":{"line":48,"column":2},"end":{"line":53,"column":3}},{"start":{},"end":{}}],"line":48},"5":{"loc":{"start":{"line":49,"column":4},"end":{"line":50,"column":40}},"type":"binary-expr","locations":[{"start":{"line":49,"column":4},"end":{"line":49,"column":36}},{"start":{"line":50,"column":4},"end":{"line":50,"column":40}}],"line":49},"6":{"loc":{"start":{"line":65,"column":2},"end":{"line":69,"column":3}},"type":"if","locations":[{"start":{"line":65,"column":2},"end":{"line":69,"column":3}},{"start":{"line":67,"column":9},"end":{"line":69,"column":3}}],"line":65},"7":{"loc":{"start":{"line":81,"column":10},"end":{"line":81,"column":67}},"type":"cond-expr","locations":[{"start":{"line":81,"column":22},"end":{"line":81,"column":62}},{"start":{"line":81,"column":65},"end":{"line":81,"column":67}}],"line":81},"8":{"loc":{"start":{"line":82,"column":10},"end":{"line":82,"column":32}},"type":"binary-expr","locations":[{"start":{"line":82,"column":10},"end":{"line":82,"column":26}},{"start":{"line":82,"column":30},"end":{"line":82,"column":32}}],"line":82},"9":{"loc":{"start":{"line":87,"column":2},"end":{"line":102,"column":3}},"type":"if","locations":[{"start":{"line":87,"column":2},"end":{"line":102,"column":3}},{"start":{},"end":{}}],"line":87},"10":{"loc":{"start":{"line":92,"column":6},"end":{"line":94,"column":7}},"type":"if","locations":[{"start":{"line":92,"column":6},"end":{"line":94,"column":7}},{"start":{},"end":{}}],"line":92},"11":{"loc":{"start":{"line":92,"column":10},"end":{"line":92,"column":56}},"type":"binary-expr","locations":[{"start":{"line":92,"column":10},"end":{"line":92,"column":21}},{"start":{"line":92,"column":25},"end":{"line":92,"column":56}}],"line":92},"12":{"loc":{"start":{"line":95,"column":64},"end":{"line":95,"column":88}},"type":"binary-expr","locations":[{"start":{"line":95,"column":64},"end":{"line":95,"column":79}},{"start":{"line":95,"column":83},"end":{"line":95,"column":88}}],"line":95},"13":{"loc":{"start":{"line":98,"column":64},"end":{"line":98,"column":88}},"type":"binary-expr","locations":[{"start":{"line":98,"column":64},"end":{"line":98,"column":79}},{"start":{"line":98,"column":83},"end":{"line":98,"column":88}}],"line":98},"14":{"loc":{"start":{"line":108,"column":74},"end":{"line":108,"column":98}},"type":"binary-expr","locations":[{"start":{"line":108,"column":74},"end":{"line":108,"column":89}},{"start":{"line":108,"column":93},"end":{"line":108,"column":98}}],"line":108},"15":{"loc":{"start":{"line":122,"column":4},"end":{"line":122,"column":28}},"type":"default-arg","locations":[{"start":{"line":122,"column":21},"end":{"line":122,"column":28}}],"line":122},"16":{"loc":{"start":{"line":224,"column":26},"end":{"line":224,"column":49}},"type":"binary-expr","locations":[{"start":{"line":224,"column":26},"end":{"line":224,"column":41}},{"start":{"line":224,"column":45},"end":{"line":224,"column":49}}],"line":224},"17":{"loc":{"start":{"line":230,"column":47},"end":{"line":230,"column":70}},"type":"binary-expr","locations":[{"start":{"line":230,"column":47},"end":{"line":230,"column":62}},{"start":{"line":230,"column":66},"end":{"line":230,"column":70}}],"line":230},"18":{"loc":{"start":{"line":268,"column":6},"end":{"line":270,"column":40}},"type":"cond-expr","locations":[{"start":{"line":269,"column":10},"end":{"line":269,"column":62}},{"start":{"line":270,"column":10},"end":{"line":270,"column":40}}],"line":268},"19":{"loc":{"start":{"line":283,"column":4},"end":{"line":284,"column":65}},"type":"if","locations":[{"start":{"line":283,"column":4},"end":{"line":284,"column":65}},{"start":{},"end":{}}],"line":283},"20":{"loc":{"start":{"line":285,"column":4},"end":{"line":286,"column":56}},"type":"if","locations":[{"start":{"line":285,"column":4},"end":{"line":286,"column":56}},{"start":{},"end":{}}],"line":285},"21":{"loc":{"start":{"line":287,"column":4},"end":{"line":287,"column":78}},"type":"if","locations":[{"start":{"line":287,"column":4},"end":{"line":287,"column":78}},{"start":{},"end":{}}],"line":287},"22":{"loc":{"start":{"line":288,"column":19},"end":{"line":288,"column":67}},"type":"cond-expr","locations":[{"start":{"line":288,"column":39},"end":{"line":288,"column":62}},{"start":{"line":288,"column":65},"end":{"line":288,"column":67}}],"line":288}},"s":{"0":2,"1":1,"2":0,"3":1,"4":1,"5":0,"6":0,"7":0,"8":0,"9":2,"10":2,"11":0,"12":0,"13":0,"14":0,"15":0,"16":1,"17":1,"18":1,"19":0,"20":0,"21":0,"22":0,"23":0,"24":0,"25":0,"26":0,"27":0,"28":0,"29":1,"30":1,"31":0,"32":2,"33":0,"34":0,"35":0,"36":0,"37":0,"38":1,"39":0,"40":0,"41":0,"42":0,"43":0,"44":0,"45":0,"46":0,"47":0,"48":0,"49":0,"50":0,"51":0,"52":0,"53":0,"54":0,"55":0,"56":0,"57":0,"58":0,"59":0,"60":0,"61":0,"62":0,"63":0,"64":0,"65":0,"66":0,"67":0,"68":0,"69":0,"70":0,"71":0,"72":0,"73":0,"74":0,"75":0,"76":0,"77":0},"f":{"0":1,"1":0,"2":0,"3":1,"4":0,"5":0,"6":0,"7":0,"8":0,"9":1,"10":0,"11":0,"12":0,"13":0,"14":0,"15":0,"16":0,"17":0,"18":0,"19":0,"20":0,"21":0,"22":0,"23":0,"24":0,"25":0,"26":0,"27":0,"28":0,"29":0,"30":0,"31":0,"32":0,"33":0,"34":0,"35":0,"36":0,"37":0,"38":0,"39":0,"40":0},"b":{"0":[0,1],"1":[1,0],"2":[1,1],"3":[0,0],"4":[0,0],"5":[0,0],"6":[0,0],"7":[0,1],"8":[1,1],"9":[0,1],"10":[0,0],"11":[0,0],"12":[0,0],"13":[0,0],"14":[0,0],"15":[0],"16":[0,0],"17":[0,0],"18":[0,0],"19":[0,0],"20":[0,0],"21":[0,0],"22":[0,0]},"_coverageSchema":"1a1c01bbd47fc00a2c39e90264f33305004495a9","hash":"74d023aee066bce8382dc3f9fda68a172c22dd94"}
}
