TN:
SF:frontend/src/PDFLanding.tsx
FN:8,PDFLanding
FN:16,handleSubmitPDF
FN:78,handleScheduleConsultation
FN:104,(anonymous_3)
FN:125,(anonymous_4)
FN:184,(anonymous_5)
FN:198,(anonymous_6)
FNF:7
FNH:4
FNDA:17,PDFLanding
FNDA:1,handleSubmitPDF
FNDA:0,handleScheduleConsultation
FNDA:0,(anonymous_3)
FNDA:0,(anonymous_4)
FNDA:3,(anonymous_5)
FNDA:3,(anonymous_6)
DA:9,17
DA:10,17
DA:12,17
DA:13,17
DA:14,17
DA:17,1
DA:19,1
DA:20,0
DA:21,0
DA:24,1
DA:25,1
DA:26,0
DA:27,0
DA:30,1
DA:31,1
DA:33,1
DA:34,1
DA:39,1
DA:45,1
DA:51,1
DA:52,0
DA:60,1
DA:61,1
DA:62,1
DA:64,0
DA:65,0
DA:66,0
DA:70,0
DA:72,0
DA:74,1
DA:79,0
DA:82,0
DA:83,0
DA:90,0
DA:93,17
DA:104,0
DA:126,0
DA:184,3
DA:198,3
LF:39
LH:23
BRDA:19,0,0,0
BRDA:19,0,1,1
BRDA:19,1,0,1
BRDA:19,1,1,1
BRDA:25,2,0,0
BRDA:25,2,1,1
BRDA:51,3,0,0
BRDA:51,3,1,1
BRDA:51,4,0,1
BRDA:51,4,1,1
BRDA:64,5,0,0
BRDA:64,5,1,0
BRDA:82,6,0,0
BRDA:82,6,1,0
BRDA:82,7,0,0
BRDA:82,7,1,0
BRDA:100,8,0,17
BRDA:100,8,1,0
BRDA:168,9,0,16
BRDA:168,9,1,1
BRDA:205,10,0,16
BRDA:205,10,1,0
BRDA:214,11,0,1
BRDA:214,11,1,15
BRF:24
BRH:13
end_of_record
TN:
SF:frontend/src/components/AnimatedCounter.tsx
FN:3,(anonymous_0)
FN:11,(anonymous_1)
FN:16,(anonymous_2)
FN:24,(anonymous_3)
FNF:4
FNH:3
FNDA:2,(anonymous_0)
FNDA:2,(anonymous_1)
FNDA:0,(anonymous_2)
FNDA:2,(anonymous_3)
DA:3,1
DA:10,2
DA:11,2
DA:12,2
DA:13,2
DA:14,2
DA:15,2
DA:16,2
DA:17,0
DA:18,0
DA:19,0
DA:20,0
DA:22,0
DA:24,2
DA:26,2
LF:15
LH:10
BRDA:14,0,0,0
BRDA:14,0,1,2
BRDA:15,1,0,1
BRDA:15,1,1,1
BRDA:18,2,0,0
BRDA:18,2,1,0
BRF:6
BRH:3
end_of_record
TN:
SF:frontend/src/components/AuthorityBlocks.tsx
FN:4,(anonymous_0)
FN:40,(anonymous_1)
FNF:2
FNH:1
FNDA:1,(anonymous_0)
FNDA:0,(anonymous_1)
DA:4,1
DA:5,1
DA:40,1
DA:41,0
LF:4
LH:3
BRF:0
BRH:0
end_of_record
TN:
SF:frontend/src/components/LandingBlocks.tsx
FN:6,(anonymous_0)
FN:34,(anonymous_1)
FN:50,(anonymous_2)
FN:69,(anonymous_3)
FN:122,(anonymous_4)
FN:171,(anonymous_5)
FN:177,handleSubmit
FN:220,(anonymous_7)
FN:234,(anonymous_8)
FN:263,(anonymous_9)
FN:296,(anonymous_10)
FN:328,(anonymous_11)
FN:330,(anonymous_12)
FN:345,(anonymous_13)
FNF:14
FNH:1
FNDA:3,(anonymous_0)
FNDA:0,(anonymous_1)
FNDA:0,(anonymous_2)
FNDA:0,(anonymous_3)
FNDA:0,(anonymous_4)
FNDA:0,(anonymous_5)
FNDA:0,handleSubmit
FNDA:0,(anonymous_7)
FNDA:0,(anonymous_8)
FNDA:0,(anonymous_9)
FNDA:0,(anonymous_10)
FNDA:0,(anonymous_11)
FNDA:0,(anonymous_12)
FNDA:0,(anonymous_13)
DA:6,2
DA:7,3
DA:34,2
DA:35,0
DA:50,2
DA:51,0
DA:69,2
DA:70,0
DA:122,2
DA:123,0
DA:171,2
DA:172,0
DA:173,0
DA:174,0
DA:175,0
DA:178,0
DA:179,0
DA:180,0
DA:181,0
DA:183,0
DA:184,0
DA:185,0
DA:186,0
DA:187,0
DA:190,0
DA:191,0
DA:205,0
DA:220,0
DA:234,0
DA:263,2
DA:264,0
DA:296,2
DA:297,0
DA:328,2
DA:330,2
DA:331,0
DA:345,2
DA:346,0
LF:38
LH:12
BRDA:179,0,0,0
BRDA:179,0,1,0
BRDA:179,1,0,0
BRDA:179,1,1,0
BRDA:190,2,0,0
BRDA:190,2,1,0
BRDA:244,3,0,0
BRDA:244,3,1,0
BRF:8
BRH:0
end_of_record
TN:
SF:frontend/src/components/Testimonials.tsx
FN:32,Testimonials
FN:35,(anonymous_1)
FN:36,(anonymous_2)
FN:41,(anonymous_3)
FN:42,(anonymous_4)
FN:56,(anonymous_5)
FN:107,(anonymous_6)
FN:111,(anonymous_7)
FNF:8
FNH:3
FNDA:17,Testimonials
FNDA:0,(anonymous_1)
FNDA:0,(anonymous_2)
FNDA:0,(anonymous_3)
FNDA:0,(anonymous_4)
FNDA:51,(anonymous_5)
FNDA:51,(anonymous_6)
FNDA:0,(anonymous_7)
DA:10,2
DA:33,17
DA:35,17
DA:36,0
DA:37,0
DA:41,17
DA:42,0
DA:43,0
DA:47,17
DA:57,51
DA:108,51
DA:111,0
LF:12
LH:7
BRDA:37,0,0,0
BRDA:37,0,1,0
BRDA:43,1,0,0
BRDA:43,1,1,0
BRDA:59,2,0,17
BRDA:59,2,1,34
BRDA:82,3,0,0
BRDA:82,3,1,17
BRDA:110,4,0,17
BRDA:110,4,1,34
BRF:10
BRH:5
end_of_record
TN:
SF:frontend/src/lib/analytics.ts
FN:39,trackEvent
FN:62,trackDemoModalViewed
FN:73,trackDemoStarted
FN:84,trackAsesoriaModalViewed
FN:94,trackAsesoriaSubmitted
FN:105,trackWhatsappLead
FN:116,trackProtocolo48hSubmitted
FN:126,trackSessionBooked
FN:137,trackError
FN:148,trackPageView
FNF:10
FNH:0
FNDA:0,trackEvent
FNDA:0,trackDemoModalViewed
FNDA:0,trackDemoStarted
FNDA:0,trackAsesoriaModalViewed
FNDA:0,trackAsesoriaSubmitted
FNDA:0,trackWhatsappLead
FNDA:0,trackProtocolo48hSubmitted
FNDA:0,trackSessionBooked
FNDA:0,trackError
FNDA:0,trackPageView
DA:21,4
DA:43,0
DA:44,0
DA:45,0
DA:48,0
DA:49,0
DA:53,0
DA:55,0
DA:63,0
DA:74,0
DA:75,0
DA:85,0
DA:95,0
DA:106,0
DA:117,0
DA:127,0
DA:138,0
DA:149,0
LF:18
LH:1
BRDA:43,0,0,0
BRDA:43,0,1,0
BRDA:43,1,0,0
BRDA:43,1,1,0
BRDA:151,2,0,0
BRDA:151,2,1,0
BRF:6
BRH:0
end_of_record
TN:
SF:frontend/src/lib/api.ts
FN:29,(anonymous_0)
FN:63,setAuthToken
FN:72,getAuthToken
FN:76,request
FN:114,(anonymous_4)
FN:119,(anonymous_5)
FN:128,(anonymous_6)
FN:133,(anonymous_7)
FN:143,(anonymous_8)
FN:148,(anonymous_9)
FN:153,(anonymous_10)
FN:165,(anonymous_11)
FN:166,(anonymous_12)
FN:167,(anonymous_13)
FN:177,(anonymous_14)
FN:178,(anonymous_15)
FN:188,(anonymous_16)
FN:196,(anonymous_17)
FN:198,(anonymous_18)
FN:208,(anonymous_19)
FN:215,(anonymous_20)
FN:216,(anonymous_21)
FN:217,(anonymous_22)
FN:218,(anonymous_23)
FN:227,(anonymous_24)
FN:232,(anonymous_25)
FN:236,(anonymous_26)
FN:241,(anonymous_27)
FN:245,(anonymous_28)
FN:249,(anonymous_29)
FN:254,(anonymous_30)
FN:259,(anonymous_31)
FN:260,(anonymous_32)
FN:262,(anonymous_33)
FN:266,(anonymous_34)
FN:272,(anonymous_35)
FN:277,(anonymous_36)
FN:293,(anonymous_37)
FN:295,(anonymous_38)
FN:297,(anonymous_39)
FN:298,(anonymous_40)
FNF:41
FNH:3
FNDA:1,(anonymous_0)
FNDA:0,setAuthToken
FNDA:0,getAuthToken
FNDA:1,request
FNDA:0,(anonymous_4)
FNDA:0,(anonymous_5)
FNDA:0,(anonymous_6)
FNDA:0,(anonymous_7)
FNDA:0,(anonymous_8)
FNDA:1,(anonymous_9)
FNDA:0,(anonymous_10)
FNDA:0,(anonymous_11)
FNDA:0,(anonymous_12)
FNDA:0,(anonymous_13)
FNDA:0,(anonymous_14)
FNDA:0,(anonymous_15)
FNDA:0,(anonymous_16)
FNDA:0,(anonymous_17)
FNDA:0,(anonymous_18)
FNDA:0,(anonymous_19)
FNDA:0,(anonymous_20)
FNDA:0,(anonymous_21)
FNDA:0,(anonymous_22)
FNDA:0,(anonymous_23)
FNDA:0,(anonymous_24)
FNDA:0,(anonymous_25)
FNDA:0,(anonymous_26)
FNDA:0,(anonymous_27)
FNDA:0,(anonymous_28)
FNDA:0,(anonymous_29)
FNDA:0,(anonymous_30)
FNDA:0,(anonymous_31)
FNDA:0,(anonymous_32)
FNDA:0,(anonymous_33)
FNDA:0,(anonymous_34)
FNDA:0,(anonymous_35)
FNDA:0,(anonymous_36)
FNDA:0,(anonymous_37)
FNDA:0,(anonymous_38)
FNDA:0,(anonymous_39)
FNDA:0,(anonymous_40)
DA:29,2
DA:32,1
DA:33,0
DA:37,1
DA:41,1
DA:45,0
DA:48,0
DA:52,0
DA:56,0
DA:59,2
DA:61,2
DA:64,0
DA:65,0
DA:66,0
DA:68,0
DA:73,0
DA:77,1
DA:78,1
DA:87,1
DA:88,0
DA:89,0
DA:90,0
DA:91,0
DA:92,0
DA:93,0
DA:95,0
DA:98,0
DA:99,0
DA:101,0
DA:104,1
DA:105,1
DA:107,0
DA:113,2
DA:115,0
DA:124,0
DA:129,0
DA:139,0
DA:144,0
DA:149,1
DA:158,0
DA:165,0
DA:166,0
DA:173,0
DA:177,0
DA:184,0
DA:189,0
DA:197,0
DA:199,0
DA:209,0
DA:215,0
DA:216,0
DA:217,0
DA:219,0
DA:228,0
DA:233,0
DA:237,0
DA:242,0
DA:246,0
DA:250,0
DA:255,0
DA:259,0
DA:261,0
DA:263,0
DA:267,0
DA:273,0
DA:282,0
DA:283,0
DA:284,0
DA:285,0
DA:286,0
DA:287,0
DA:288,0
DA:289,0
DA:294,0
DA:296,0
DA:297,0
DA:299,0
LF:77
LH:13
BRDA:32,0,0,0
BRDA:32,0,1,1
BRDA:37,1,0,1
BRDA:37,1,1,0
BRDA:38,2,0,1
BRDA:38,2,1,1
BRDA:45,3,0,0
BRDA:45,3,1,0
BRDA:48,4,0,0
BRDA:48,4,1,0
BRDA:49,5,0,0
BRDA:49,5,1,0
BRDA:65,6,0,0
BRDA:65,6,1,0
BRDA:81,7,0,0
BRDA:81,7,1,1
BRDA:82,8,0,1
BRDA:82,8,1,1
BRDA:87,9,0,0
BRDA:87,9,1,1
BRDA:92,10,0,0
BRDA:92,10,1,0
BRDA:92,11,0,0
BRDA:92,11,1,0
BRDA:95,12,0,0
BRDA:95,12,1,0
BRDA:98,13,0,0
BRDA:98,13,1,0
BRDA:108,14,0,0
BRDA:108,14,1,0
BRDA:122,15,0,0
BRDA:224,16,0,0
BRDA:224,16,1,0
BRDA:230,17,0,0
BRDA:230,17,1,0
BRDA:268,18,0,0
BRDA:268,18,1,0
BRDA:283,19,0,0
BRDA:283,19,1,0
BRDA:285,20,0,0
BRDA:285,20,1,0
BRDA:287,21,0,0
BRDA:287,21,1,0
BRDA:288,22,0,0
BRDA:288,22,1,0
BRF:45
BRH:8
end_of_record
